{"contracts/delegates/DelegateBase.sol":{"l":{"11":36},"path":"/home/amxx/Work/iExec/code/PoCo-dev/contracts/delegates/DelegateBase.sol","s":{"1":36},"b":{},"f":{"1":36},"fnMap":{"1":{"name":"constructor","line":8,"loc":{"start":{"line":8,"column":1},"end":{"line":10,"column":2}}}},"statementMap":{"1":{"start":{"line":11,"column":2},"end":{"line":11,"column":20}}},"branchMap":{}},"contracts/delegates/ENSIntegration.sol":{"l":{},"path":"/home/amxx/Work/iExec/code/PoCo-dev/contracts/delegates/ENSIntegration.sol","s":{},"b":{},"f":{},"fnMap":{},"statementMap":{},"branchMap":{}},"contracts/delegates/IexecAccessors.sol":{"l":{"35":1,"41":1,"47":1,"53":52,"59":342,"65":74,"71":14,"77":530,"83":1,"89":39,"95":16,"101":17,"107":27,"113":2,"119":130,"125":6,"126":6,"127":1,"133":28,"139":20},"path":"/home/amxx/Work/iExec/code/PoCo-dev/contracts/delegates/IexecAccessors.sol","s":{"1":1,"2":1,"3":1,"4":52,"5":342,"6":74,"7":14,"8":530,"9":1,"10":39,"11":16,"12":17,"13":27,"14":2,"15":130,"16":6,"17":6,"18":1,"19":28,"20":20},"b":{"1":[1,5]},"f":{"1":1,"2":1,"3":1,"4":52,"5":342,"6":74,"7":14,"8":530,"9":1,"10":39,"11":16,"12":17,"13":27,"14":2,"15":130,"16":6,"17":28,"18":20},"fnMap":{"1":{"name":"name","line":32,"loc":{"start":{"line":32,"column":1},"end":{"line":34,"column":2}}},"2":{"name":"symbol","line":38,"loc":{"start":{"line":38,"column":1},"end":{"line":40,"column":2}}},"3":{"name":"decimals","line":44,"loc":{"start":{"line":44,"column":1},"end":{"line":46,"column":2}}},"4":{"name":"totalSupply","line":50,"loc":{"start":{"line":50,"column":1},"end":{"line":52,"column":2}}},"5":{"name":"balanceOf","line":56,"loc":{"start":{"line":56,"column":1},"end":{"line":58,"column":2}}},"6":{"name":"frozenOf","line":62,"loc":{"start":{"line":62,"column":1},"end":{"line":64,"column":2}}},"7":{"name":"allowance","line":68,"loc":{"start":{"line":68,"column":1},"end":{"line":70,"column":2}}},"8":{"name":"viewAccount","line":74,"loc":{"start":{"line":74,"column":1},"end":{"line":76,"column":2}}},"9":{"name":"token","line":80,"loc":{"start":{"line":80,"column":1},"end":{"line":82,"column":2}}},"10":{"name":"viewDeal","line":86,"loc":{"start":{"line":86,"column":1},"end":{"line":88,"column":2}}},"11":{"name":"viewConsumed","line":92,"loc":{"start":{"line":92,"column":1},"end":{"line":94,"column":2}}},"12":{"name":"viewPresigned","line":98,"loc":{"start":{"line":98,"column":1},"end":{"line":100,"column":2}}},"13":{"name":"viewTask","line":104,"loc":{"start":{"line":104,"column":1},"end":{"line":106,"column":2}}},"14":{"name":"viewContribution","line":110,"loc":{"start":{"line":110,"column":1},"end":{"line":112,"column":2}}},"15":{"name":"viewScore","line":116,"loc":{"start":{"line":116,"column":1},"end":{"line":118,"column":2}}},"16":{"name":"resultFor","line":122,"loc":{"start":{"line":122,"column":1},"end":{"line":124,"column":2}}},"17":{"name":"viewCategory","line":130,"loc":{"start":{"line":130,"column":1},"end":{"line":132,"column":2}}},"18":{"name":"countCategory","line":136,"loc":{"start":{"line":136,"column":1},"end":{"line":138,"column":2}}}},"statementMap":{"1":{"start":{"line":35,"column":2},"end":{"line":35,"column":15}},"2":{"start":{"line":41,"column":2},"end":{"line":41,"column":17}},"3":{"start":{"line":47,"column":2},"end":{"line":47,"column":19}},"4":{"start":{"line":53,"column":2},"end":{"line":53,"column":22}},"5":{"start":{"line":59,"column":2},"end":{"line":59,"column":28}},"6":{"start":{"line":65,"column":2},"end":{"line":65,"column":27}},"7":{"start":{"line":71,"column":2},"end":{"line":71,"column":39}},"8":{"start":{"line":77,"column":2},"end":{"line":77,"column":73}},"9":{"start":{"line":83,"column":2},"end":{"line":83,"column":29}},"10":{"start":{"line":89,"column":2},"end":{"line":89,"column":21}},"11":{"start":{"line":95,"column":2},"end":{"line":95,"column":24}},"12":{"start":{"line":101,"column":2},"end":{"line":101,"column":25}},"13":{"start":{"line":107,"column":2},"end":{"line":107,"column":25}},"14":{"start":{"line":113,"column":2},"end":{"line":113,"column":42}},"15":{"start":{"line":119,"column":2},"end":{"line":119,"column":32}},"16":{"start":{"line":125,"column":2},"end":{"line":125,"column":49}},"17":{"start":{"line":126,"column":2},"end":{"line":126,"column":65}},"18":{"start":{"line":127,"column":2},"end":{"line":127,"column":21}},"19":{"start":{"line":133,"column":2},"end":{"line":133,"column":29}},"20":{"start":{"line":139,"column":2},"end":{"line":139,"column":28}}},"branchMap":{"1":{"line":126,"type":"if","locations":[{"start":{"line":126,"column":2},"end":{"line":126,"column":2}},{"start":{"line":126,"column":2},"end":{"line":126,"column":2}}]}}},"contracts/delegates/IexecAccessorsABILegacy.sol":{"l":{"88":1,"89":1,"112":1,"113":1,"133":1,"134":1,"147":72,"166":4,"167":4,"191":2,"192":2,"203":4,"204":4},"path":"/home/amxx/Work/iExec/code/PoCo-dev/contracts/delegates/IexecAccessorsABILegacy.sol","s":{"1":1,"2":1,"3":1,"4":1,"5":1,"6":1,"7":72,"8":4,"9":4,"10":2,"11":2,"12":4,"13":4},"b":{},"f":{"1":1,"2":1,"3":1,"4":72,"5":4,"6":2,"7":4},"fnMap":{"1":{"name":"viewDealABILegacy_pt1","line":75,"loc":{"start":{"line":75,"column":1},"end":{"line":87,"column":2}}},"2":{"name":"viewDealABILegacy_pt2","line":102,"loc":{"start":{"line":102,"column":1},"end":{"line":111,"column":2}}},"3":{"name":"viewConfigABILegacy","line":123,"loc":{"start":{"line":123,"column":1},"end":{"line":132,"column":2}}},"4":{"name":"viewAccountABILegacy","line":144,"loc":{"start":{"line":144,"column":1},"end":{"line":146,"column":2}}},"5":{"name":"viewTaskABILegacy","line":150,"loc":{"start":{"line":150,"column":1},"end":{"line":165,"column":2}}},"6":{"name":"viewContributionABILegacy","line":183,"loc":{"start":{"line":183,"column":1},"end":{"line":190,"column":2}}},"7":{"name":"viewCategoryABILegacy","line":200,"loc":{"start":{"line":200,"column":1},"end":{"line":202,"column":2}}}},"statementMap":{"1":{"start":{"line":88,"column":2},"end":{"line":88,"column":49}},"2":{"start":{"line":89,"column":2},"end":{"line":89,"column":1519}},"3":{"start":{"line":112,"column":2},"end":{"line":112,"column":49}},"4":{"start":{"line":113,"column":2},"end":{"line":113,"column":1945}},"5":{"start":{"line":133,"column":2},"end":{"line":133,"column":49}},"6":{"start":{"line":134,"column":2},"end":{"line":134,"column":2255}},"7":{"start":{"line":147,"column":2},"end":{"line":147,"column":52}},"8":{"start":{"line":166,"column":2},"end":{"line":166,"column":53}},"9":{"start":{"line":167,"column":2},"end":{"line":167,"column":2850}},"10":{"start":{"line":191,"column":2},"end":{"line":191,"column":86}},"11":{"start":{"line":192,"column":2},"end":{"line":192,"column":3379}},"12":{"start":{"line":203,"column":2},"end":{"line":203,"column":65}},"13":{"start":{"line":204,"column":2},"end":{"line":204,"column":75}}},"branchMap":{}},"contracts/delegates/IexecCategoryManager.sol":{"l":{"25":11,"31":11,"37":11},"path":"/home/amxx/Work/iExec/code/PoCo-dev/contracts/delegates/IexecCategoryManager.sol","s":{"1":11,"2":11,"3":11},"b":{},"f":{"1":11},"fnMap":{"1":{"name":"createCategory","line":19,"loc":{"start":{"line":19,"column":1},"end":{"line":24,"column":2}}}},"statementMap":{"1":{"start":{"line":25,"column":2},"end":{"line":25,"column":593}},"2":{"start":{"line":31,"column":2},"end":{"line":31,"column":706}},"3":{"start":{"line":37,"column":2},"end":{"line":37,"column":14}}},"branchMap":{}},"contracts/delegates/IexecERC20.sol":{"l":{"29":614,"30":612,"32":608,"33":602,"34":602,"40":74,"42":74,"43":74,"44":74,"50":134,"52":134,"53":134,"54":130,"60":433,"61":433,"63":429,"64":429,"73":169,"74":165,"80":415,"81":413,"87":14,"88":6,"89":4,"95":8,"96":6,"103":16,"104":6},"path":"/home/amxx/Work/iExec/code/PoCo-dev/contracts/delegates/IexecERC20.sol","s":{"1":614,"2":612,"3":608,"4":602,"5":602,"6":74,"7":74,"8":74,"9":74,"10":134,"11":134,"12":134,"13":130,"14":433,"15":433,"16":429,"17":429,"18":169,"19":165,"20":415,"21":413,"22":14,"23":6,"24":4,"25":8,"26":6,"27":16,"28":6},"b":{"1":[612,2],"2":[608,4],"3":[74,0],"4":[134,0],"5":[433,0],"6":[429,4]},"f":{"1":614,"2":74,"3":134,"4":433,"5":169,"6":415,"7":14,"8":8,"9":16},"fnMap":{"1":{"name":"_transfer","line":26,"loc":{"start":{"line":26,"column":1},"end":{"line":28,"column":2}}},"2":{"name":"_mint","line":37,"loc":{"start":{"line":37,"column":1},"end":{"line":39,"column":2}}},"3":{"name":"_burn","line":47,"loc":{"start":{"line":47,"column":1},"end":{"line":49,"column":2}}},"4":{"name":"_approve","line":57,"loc":{"start":{"line":57,"column":1},"end":{"line":59,"column":2}}},"5":{"name":"transfer","line":70,"loc":{"start":{"line":70,"column":1},"end":{"line":72,"column":2}}},"6":{"name":"approve","line":77,"loc":{"start":{"line":77,"column":1},"end":{"line":79,"column":2}}},"7":{"name":"transferFrom","line":84,"loc":{"start":{"line":84,"column":1},"end":{"line":86,"column":2}}},"8":{"name":"increaseAllowance","line":92,"loc":{"start":{"line":92,"column":1},"end":{"line":94,"column":2}}},"9":{"name":"decreaseAllowance","line":100,"loc":{"start":{"line":100,"column":1},"end":{"line":102,"column":2}}}},"statementMap":{"1":{"start":{"line":29,"column":3},"end":{"line":29,"column":72}},"2":{"start":{"line":30,"column":3},"end":{"line":30,"column":73}},"3":{"start":{"line":32,"column":3},"end":{"line":32,"column":53}},"4":{"start":{"line":33,"column":3},"end":{"line":33,"column":59}},"5":{"start":{"line":34,"column":3},"end":{"line":34,"column":43}},"6":{"start":{"line":40,"column":3},"end":{"line":40,"column":67}},"7":{"start":{"line":42,"column":3},"end":{"line":42,"column":43}},"8":{"start":{"line":43,"column":3},"end":{"line":43,"column":55}},"9":{"start":{"line":44,"column":3},"end":{"line":44,"column":45}},"10":{"start":{"line":50,"column":3},"end":{"line":50,"column":69}},"11":{"start":{"line":52,"column":3},"end":{"line":52,"column":42}},"12":{"start":{"line":53,"column":3},"end":{"line":53,"column":54}},"13":{"start":{"line":54,"column":3},"end":{"line":54,"column":44}},"14":{"start":{"line":60,"column":3},"end":{"line":60,"column":70}},"15":{"start":{"line":61,"column":3},"end":{"line":61,"column":70}},"16":{"start":{"line":63,"column":3},"end":{"line":63,"column":38}},"17":{"start":{"line":64,"column":3},"end":{"line":64,"column":39}},"18":{"start":{"line":73,"column":3},"end":{"line":73,"column":42}},"19":{"start":{"line":74,"column":3},"end":{"line":74,"column":14}},"20":{"start":{"line":80,"column":3},"end":{"line":80,"column":38}},"21":{"start":{"line":81,"column":3},"end":{"line":81,"column":14}},"22":{"start":{"line":87,"column":3},"end":{"line":87,"column":38}},"23":{"start":{"line":88,"column":3},"end":{"line":88,"column":76}},"24":{"start":{"line":89,"column":3},"end":{"line":89,"column":14}},"25":{"start":{"line":95,"column":3},"end":{"line":95,"column":82}},"26":{"start":{"line":96,"column":3},"end":{"line":96,"column":14}},"27":{"start":{"line":103,"column":3},"end":{"line":103,"column":87}},"28":{"start":{"line":104,"column":3},"end":{"line":104,"column":14}}},"branchMap":{"1":{"line":29,"type":"if","locations":[{"start":{"line":29,"column":3},"end":{"line":29,"column":3}},{"start":{"line":29,"column":3},"end":{"line":29,"column":3}}]},"2":{"line":30,"type":"if","locations":[{"start":{"line":30,"column":3},"end":{"line":30,"column":3}},{"start":{"line":30,"column":3},"end":{"line":30,"column":3}}]},"3":{"line":40,"type":"if","locations":[{"start":{"line":40,"column":3},"end":{"line":40,"column":3}},{"start":{"line":40,"column":3},"end":{"line":40,"column":3}}]},"4":{"line":50,"type":"if","locations":[{"start":{"line":50,"column":3},"end":{"line":50,"column":3}},{"start":{"line":50,"column":3},"end":{"line":50,"column":3}}]},"5":{"line":60,"type":"if","locations":[{"start":{"line":60,"column":3},"end":{"line":60,"column":3}},{"start":{"line":60,"column":3},"end":{"line":60,"column":3}}]},"6":{"line":61,"type":"if","locations":[{"start":{"line":61,"column":3},"end":{"line":61,"column":3}},{"start":{"line":61,"column":3},"end":{"line":61,"column":3}}]}}},"contracts/delegates/IexecEscrowNative.sol":{"l":{"28":0,"34":0,"35":0,"41":0,"42":0,"48":0,"49":0,"50":0,"52":0,"53":0,"55":0,"57":0,"59":0,"65":0,"66":0,"67":0,"73":0,"74":0,"75":0},"path":"/home/amxx/Work/iExec/code/PoCo-dev/contracts/delegates/IexecEscrowNative.sol","s":{"1":0,"2":0,"3":0,"4":0,"5":0,"6":0,"7":0,"8":0,"9":0,"10":0,"11":0,"12":0,"13":0,"14":0,"15":0,"16":0,"17":0,"18":0,"19":0},"b":{"1":[0,0],"2":[0,0]},"f":{"1":0,"2":0,"3":0,"4":0,"5":0,"6":0},"fnMap":{"1":{"name":"","line":25,"loc":{"start":{"line":25,"column":1},"end":{"line":27,"column":2}}},"2":{"name":"deposit","line":31,"loc":{"start":{"line":31,"column":1},"end":{"line":33,"column":2}}},"3":{"name":"depositFor","line":38,"loc":{"start":{"line":38,"column":1},"end":{"line":40,"column":2}}},"4":{"name":"depositForArray","line":45,"loc":{"start":{"line":45,"column":1},"end":{"line":47,"column":2}}},"5":{"name":"withdraw","line":62,"loc":{"start":{"line":62,"column":1},"end":{"line":64,"column":2}}},"6":{"name":"recover","line":70,"loc":{"start":{"line":70,"column":1},"end":{"line":72,"column":2}}}},"statementMap":{"1":{"start":{"line":28,"column":2},"end":{"line":28,"column":29}},"2":{"start":{"line":34,"column":2},"end":{"line":34,"column":29}},"3":{"start":{"line":35,"column":2},"end":{"line":35,"column":13}},"4":{"start":{"line":41,"column":2},"end":{"line":41,"column":25}},"5":{"start":{"line":42,"column":2},"end":{"line":42,"column":13}},"6":{"start":{"line":48,"column":2},"end":{"line":48,"column":42}},"7":{"start":{"line":49,"column":2},"end":{"line":49,"column":31}},"8":{"start":{"line":50,"column":2},"end":{"line":50,"column":1362}},"9":{"start":{"line":52,"column":3},"end":{"line":52,"column":39}},"10":{"start":{"line":53,"column":3},"end":{"line":53,"column":31}},"11":{"start":{"line":55,"column":2},"end":{"line":55,"column":1490}},"12":{"start":{"line":57,"column":3},"end":{"line":57,"column":30}},"13":{"start":{"line":59,"column":2},"end":{"line":59,"column":13}},"14":{"start":{"line":65,"column":2},"end":{"line":65,"column":26}},"15":{"start":{"line":66,"column":2},"end":{"line":66,"column":28}},"16":{"start":{"line":67,"column":2},"end":{"line":67,"column":13}},"17":{"start":{"line":73,"column":2},"end":{"line":73,"column":58}},"18":{"start":{"line":74,"column":2},"end":{"line":74,"column":22}},"19":{"start":{"line":75,"column":2},"end":{"line":75,"column":14}}},"branchMap":{"1":{"line":48,"type":"if","locations":[{"start":{"line":48,"column":2},"end":{"line":48,"column":2}},{"start":{"line":48,"column":2},"end":{"line":48,"column":2}}]},"2":{"line":55,"type":"if","locations":[{"start":{"line":55,"column":2},"end":{"line":55,"column":2}},{"start":{"line":55,"column":2},"end":{"line":55,"column":2}}]}}},"contracts/delegates/IexecEscrowToken.sol":{"l":{"28":5,"29":1,"30":1,"36":5,"37":1,"38":1,"44":9,"45":5,"47":7,"48":3,"50":1,"56":134,"57":130,"58":130,"64":2,"65":2,"66":2,"73":69,"74":67,"75":67,"76":67,"82":84,"88":130},"path":"/home/amxx/Work/iExec/code/PoCo-dev/contracts/delegates/IexecEscrowToken.sol","s":{"1":5,"2":1,"3":1,"4":5,"5":1,"6":1,"7":9,"8":5,"9":7,"10":3,"11":1,"12":134,"13":130,"14":130,"15":2,"16":2,"17":2,"18":69,"19":67,"20":67,"21":67,"22":84,"23":130},"b":{"1":[5,4],"2":[67,2],"3":[72,12]},"f":{"1":5,"2":5,"3":9,"4":134,"5":2,"6":69,"7":84,"8":130},"fnMap":{"1":{"name":"deposit","line":25,"loc":{"start":{"line":25,"column":1},"end":{"line":27,"column":2}}},"2":{"name":"depositFor","line":33,"loc":{"start":{"line":33,"column":1},"end":{"line":35,"column":2}}},"3":{"name":"depositForArray","line":41,"loc":{"start":{"line":41,"column":1},"end":{"line":43,"column":2}}},"4":{"name":"withdraw","line":53,"loc":{"start":{"line":53,"column":1},"end":{"line":55,"column":2}}},"5":{"name":"recover","line":61,"loc":{"start":{"line":61,"column":1},"end":{"line":63,"column":2}}},"6":{"name":"receiveApproval","line":70,"loc":{"start":{"line":70,"column":1},"end":{"line":72,"column":2}}},"7":{"name":"_deposit","line":79,"loc":{"start":{"line":79,"column":1},"end":{"line":81,"column":2}}},"8":{"name":"_withdraw","line":85,"loc":{"start":{"line":85,"column":1},"end":{"line":87,"column":2}}}},"statementMap":{"1":{"start":{"line":28,"column":2},"end":{"line":28,"column":29}},"2":{"start":{"line":29,"column":2},"end":{"line":29,"column":26}},"3":{"start":{"line":30,"column":2},"end":{"line":30,"column":13}},"4":{"start":{"line":36,"column":2},"end":{"line":36,"column":29}},"5":{"start":{"line":37,"column":2},"end":{"line":37,"column":22}},"6":{"start":{"line":38,"column":2},"end":{"line":38,"column":13}},"7":{"start":{"line":44,"column":2},"end":{"line":44,"column":42}},"8":{"start":{"line":45,"column":2},"end":{"line":45,"column":1370}},"9":{"start":{"line":47,"column":3},"end":{"line":47,"column":34}},"10":{"start":{"line":48,"column":3},"end":{"line":48,"column":31}},"11":{"start":{"line":50,"column":2},"end":{"line":50,"column":13}},"12":{"start":{"line":56,"column":2},"end":{"line":56,"column":26}},"13":{"start":{"line":57,"column":2},"end":{"line":57,"column":30}},"14":{"start":{"line":58,"column":2},"end":{"line":58,"column":13}},"15":{"start":{"line":64,"column":2},"end":{"line":64,"column":73}},"16":{"start":{"line":65,"column":2},"end":{"line":65,"column":22}},"17":{"start":{"line":66,"column":2},"end":{"line":66,"column":14}},"18":{"start":{"line":73,"column":2},"end":{"line":73,"column":54}},"19":{"start":{"line":74,"column":2},"end":{"line":74,"column":25}},"20":{"start":{"line":75,"column":2},"end":{"line":75,"column":22}},"21":{"start":{"line":76,"column":2},"end":{"line":76,"column":13}},"22":{"start":{"line":82,"column":2},"end":{"line":82,"column":63}},"23":{"start":{"line":88,"column":2},"end":{"line":88,"column":33}}},"branchMap":{"1":{"line":44,"type":"if","locations":[{"start":{"line":44,"column":2},"end":{"line":44,"column":2}},{"start":{"line":44,"column":2},"end":{"line":44,"column":2}}]},"2":{"line":73,"type":"if","locations":[{"start":{"line":73,"column":2},"end":{"line":73,"column":2}},{"start":{"line":73,"column":2},"end":{"line":73,"column":2}}]},"3":{"line":82,"type":"if","locations":[{"start":{"line":82,"column":2},"end":{"line":82,"column":2}},{"start":{"line":82,"column":2},"end":{"line":82,"column":2}}]}}},"contracts/delegates/IexecOrderSignature.sol":{"l":{"39":4,"40":2,"41":2,"48":4,"49":2,"50":2,"57":4,"58":2,"59":2,"66":4,"67":2,"68":2,"78":3,"79":3,"80":1,"81":1,"82":1,"89":3,"90":3,"91":1,"92":1,"93":1,"100":3,"101":3,"102":1,"103":1,"104":1,"111":3,"112":3,"113":1,"114":1,"115":1},"path":"/home/amxx/Work/iExec/code/PoCo-dev/contracts/delegates/IexecOrderSignature.sol","s":{"1":4,"2":2,"3":2,"4":4,"5":2,"6":2,"7":4,"8":2,"9":2,"10":4,"11":2,"12":2,"13":3,"14":3,"15":1,"16":1,"17":1,"18":3,"19":3,"20":1,"21":1,"22":1,"23":3,"24":3,"25":1,"26":1,"27":1,"28":3,"29":3,"30":1,"31":1,"32":1},"b":{"1":[2,2],"2":[2,2],"3":[2,2],"4":[2,2],"5":[1,2],"6":[1,2],"7":[1,2],"8":[1,2]},"f":{"1":4,"2":4,"3":4,"4":4,"5":3,"6":3,"7":3,"8":3},"fnMap":{"1":{"name":"signAppOrder","line":36,"loc":{"start":{"line":36,"column":1},"end":{"line":38,"column":2}}},"2":{"name":"signDatasetOrder","line":45,"loc":{"start":{"line":45,"column":1},"end":{"line":47,"column":2}}},"3":{"name":"signWorkerpoolOrder","line":54,"loc":{"start":{"line":54,"column":1},"end":{"line":56,"column":2}}},"4":{"name":"signRequestOrder","line":63,"loc":{"start":{"line":63,"column":1},"end":{"line":65,"column":2}}},"5":{"name":"cancelAppOrder","line":75,"loc":{"start":{"line":75,"column":1},"end":{"line":77,"column":2}}},"6":{"name":"cancelDatasetOrder","line":86,"loc":{"start":{"line":86,"column":1},"end":{"line":88,"column":2}}},"7":{"name":"cancelWorkerpoolOrder","line":97,"loc":{"start":{"line":97,"column":1},"end":{"line":99,"column":2}}},"8":{"name":"cancelRequestOrder","line":108,"loc":{"start":{"line":108,"column":1},"end":{"line":110,"column":2}}}},"statementMap":{"1":{"start":{"line":39,"column":2},"end":{"line":39,"column":50}},"2":{"start":{"line":40,"column":2},"end":{"line":40,"column":82}},"3":{"start":{"line":41,"column":2},"end":{"line":41,"column":13}},"4":{"start":{"line":48,"column":2},"end":{"line":48,"column":62}},"5":{"start":{"line":49,"column":2},"end":{"line":49,"column":86}},"6":{"start":{"line":50,"column":2},"end":{"line":50,"column":13}},"7":{"start":{"line":57,"column":2},"end":{"line":57,"column":71}},"8":{"start":{"line":58,"column":2},"end":{"line":58,"column":89}},"9":{"start":{"line":59,"column":2},"end":{"line":59,"column":13}},"10":{"start":{"line":66,"column":2},"end":{"line":66,"column":47}},"11":{"start":{"line":67,"column":2},"end":{"line":67,"column":86}},"12":{"start":{"line":68,"column":2},"end":{"line":68,"column":13}},"13":{"start":{"line":78,"column":2},"end":{"line":78,"column":87}},"14":{"start":{"line":79,"column":2},"end":{"line":79,"column":50}},"15":{"start":{"line":80,"column":2},"end":{"line":80,"column":45}},"16":{"start":{"line":81,"column":2},"end":{"line":81,"column":36}},"17":{"start":{"line":82,"column":2},"end":{"line":82,"column":13}},"18":{"start":{"line":89,"column":2},"end":{"line":89,"column":91}},"19":{"start":{"line":90,"column":2},"end":{"line":90,"column":62}},"20":{"start":{"line":91,"column":2},"end":{"line":91,"column":49}},"21":{"start":{"line":92,"column":2},"end":{"line":92,"column":40}},"22":{"start":{"line":93,"column":2},"end":{"line":93,"column":13}},"23":{"start":{"line":100,"column":2},"end":{"line":100,"column":94}},"24":{"start":{"line":101,"column":2},"end":{"line":101,"column":71}},"25":{"start":{"line":102,"column":2},"end":{"line":102,"column":52}},"26":{"start":{"line":103,"column":2},"end":{"line":103,"column":43}},"27":{"start":{"line":104,"column":2},"end":{"line":104,"column":13}},"28":{"start":{"line":111,"column":2},"end":{"line":111,"column":94}},"29":{"start":{"line":112,"column":2},"end":{"line":112,"column":47}},"30":{"start":{"line":113,"column":2},"end":{"line":113,"column":52}},"31":{"start":{"line":114,"column":2},"end":{"line":114,"column":43}},"32":{"start":{"line":115,"column":2},"end":{"line":115,"column":13}}},"branchMap":{"1":{"line":39,"type":"if","locations":[{"start":{"line":39,"column":2},"end":{"line":39,"column":2}},{"start":{"line":39,"column":2},"end":{"line":39,"column":2}}]},"2":{"line":48,"type":"if","locations":[{"start":{"line":48,"column":2},"end":{"line":48,"column":2}},{"start":{"line":48,"column":2},"end":{"line":48,"column":2}}]},"3":{"line":57,"type":"if","locations":[{"start":{"line":57,"column":2},"end":{"line":57,"column":2}},{"start":{"line":57,"column":2},"end":{"line":57,"column":2}}]},"4":{"line":66,"type":"if","locations":[{"start":{"line":66,"column":2},"end":{"line":66,"column":2}},{"start":{"line":66,"column":2},"end":{"line":66,"column":2}}]},"5":{"line":79,"type":"if","locations":[{"start":{"line":79,"column":2},"end":{"line":79,"column":2}},{"start":{"line":79,"column":2},"end":{"line":79,"column":2}}]},"6":{"line":90,"type":"if","locations":[{"start":{"line":90,"column":2},"end":{"line":90,"column":2}},{"start":{"line":90,"column":2},"end":{"line":90,"column":2}}]},"7":{"line":101,"type":"if","locations":[{"start":{"line":101,"column":2},"end":{"line":101,"column":2}},{"start":{"line":101,"column":2},"end":{"line":101,"column":2}}]},"8":{"line":112,"type":"if","locations":[{"start":{"line":112,"column":2},"end":{"line":112,"column":2}},{"start":{"line":112,"column":2},"end":{"line":112,"column":2}}]}}},"contracts/delegates/IexecPoco.sol":{"l":{"67":4,"69":2,"70":2,"71":2,"72":2,"73":2,"74":2,"75":2,"77":2,"91":126,"92":126,"99":44,"100":44,"107":210,"108":210,"109":210,"116":95,"117":95,"118":95,"128":102,"134":10,"140":48,"141":48,"147":6,"153":23,"159":23,"161":23,"164":23,"168":23,"170":23,"172":22,"175":23,"177":18,"180":23,"187":23,"188":23,"190":1,"194":1,"195":1,"202":14,"204":14,"207":14,"210":14,"211":14,"212":14,"213":14,"222":114,"250":89,"251":87,"252":85,"253":83,"254":81,"255":79,"258":73,"259":71,"260":69,"261":67,"262":65,"263":63,"264":61,"265":59,"266":57,"267":55,"268":53,"269":51,"271":49,"272":49,"273":49,"278":49,"279":49,"282":49,"283":49,"284":49,"287":49,"289":46,"290":46,"291":46,"295":49,"296":49,"297":49,"300":49,"301":49,"306":49,"307":49,"308":49,"309":49,"310":49,"311":49,"316":47,"321":47,"322":47,"323":47,"324":47,"325":47,"326":47,"327":47,"328":47,"329":47,"330":47,"331":47,"332":47,"333":47,"334":47,"335":47,"336":47,"337":47,"338":47,"339":47,"340":47,"341":47,"342":47,"347":47,"348":47,"349":47,"350":47,"355":47,"362":47,"372":47,"377":47,"386":47,"395":77,"397":77,"398":75,"400":73,"401":73,"402":73,"404":71,"405":71,"406":71,"407":71,"408":71,"409":71,"412":71,"414":71,"416":71,"429":126,"430":126,"431":126,"433":126,"434":122,"435":118,"438":112,"451":108,"454":106,"466":102,"467":102,"468":102,"469":102,"470":102,"472":102,"474":102,"484":102,"485":102,"486":102,"488":102,"489":102,"490":102,"493":102,"501":102,"502":102,"506":43,"507":43,"508":43,"510":94,"511":94,"518":88,"523":43,"524":43,"525":43,"526":43,"527":43,"529":43,"538":71,"539":71,"540":71,"541":67,"542":65,"543":65,"544":63,"545":61,"547":59,"548":59,"549":59,"551":59,"558":10,"559":10,"560":8,"561":6,"564":2,"566":4,"567":4,"569":4,"573":2,"574":2,"576":2,"577":2,"578":2,"579":2,"581":2,"589":31,"590":31,"591":29,"592":27,"595":23,"596":23,"601":23,"602":23,"607":23,"612":23,"613":23,"625":2,"626":2,"627":2,"638":23,"639":23,"641":23,"642":23,"644":23,"645":23,"647":23,"649":54,"650":54,"652":48,"656":6,"661":23,"663":23,"665":54,"666":54,"668":48,"669":48,"671":48,"674":48,"681":42,"682":42,"688":6,"691":6,"698":6,"699":6,"704":23,"711":44,"712":44,"714":32,"716":14,"721":14,"722":14,"724":10,"725":10,"728":14,"739":2,"740":2,"742":6,"744":2,"751":1,"753":5,"755":1,"763":3,"764":3,"766":5,"768":1},"path":"/home/amxx/Work/iExec/code/PoCo-dev/contracts/delegates/IexecPoco.sol","s":{"1":4,"2":2,"3":2,"4":2,"5":2,"6":2,"7":2,"8":2,"9":2,"10":126,"11":126,"12":44,"13":44,"14":210,"15":210,"16":210,"17":95,"18":95,"19":95,"20":102,"21":10,"22":48,"23":48,"24":6,"25":23,"26":23,"27":23,"28":23,"29":23,"30":23,"31":22,"32":23,"33":18,"34":23,"35":23,"36":23,"37":1,"38":1,"39":1,"40":14,"41":14,"42":14,"43":14,"44":14,"45":14,"46":14,"47":114,"48":89,"49":87,"50":85,"51":83,"52":81,"53":79,"54":73,"55":71,"56":69,"57":67,"58":65,"59":63,"60":61,"61":59,"62":57,"63":55,"64":53,"65":51,"66":49,"67":49,"68":49,"69":49,"70":49,"71":49,"72":49,"73":49,"74":49,"75":46,"76":46,"77":46,"78":49,"79":49,"80":49,"81":49,"82":49,"83":49,"84":49,"85":49,"86":49,"87":49,"88":49,"89":47,"90":47,"91":47,"92":47,"93":47,"94":47,"95":47,"96":47,"97":47,"98":47,"99":47,"100":47,"101":47,"102":47,"103":47,"104":47,"105":47,"106":47,"107":47,"108":47,"109":47,"110":47,"111":47,"112":47,"113":47,"114":47,"115":47,"116":47,"117":47,"118":47,"119":47,"120":47,"121":77,"122":77,"123":75,"124":73,"125":73,"126":73,"127":71,"128":71,"129":71,"130":71,"131":71,"132":71,"133":71,"134":71,"135":71,"136":126,"137":126,"138":126,"139":126,"140":122,"141":118,"142":112,"143":108,"144":106,"145":102,"146":102,"147":102,"148":102,"149":102,"150":102,"151":102,"152":102,"153":102,"154":102,"155":102,"156":102,"157":102,"158":102,"159":102,"160":102,"161":43,"162":43,"163":43,"164":94,"165":94,"166":88,"167":43,"168":43,"169":43,"170":43,"171":43,"172":43,"173":71,"174":71,"175":71,"176":67,"177":65,"178":65,"179":63,"180":61,"181":59,"182":59,"183":59,"184":59,"185":10,"186":10,"187":8,"188":6,"189":2,"190":4,"191":4,"192":4,"193":2,"194":2,"195":2,"196":2,"197":2,"198":2,"199":2,"200":31,"201":31,"202":29,"203":27,"204":23,"205":23,"206":23,"207":23,"208":23,"209":23,"210":23,"211":2,"212":2,"213":2,"214":23,"215":23,"216":23,"217":23,"218":23,"219":23,"220":23,"221":54,"222":54,"223":48,"224":6,"225":23,"226":23,"227":54,"228":54,"229":48,"230":48,"231":48,"232":48,"233":42,"234":42,"235":6,"236":6,"237":6,"238":23,"239":44,"240":44,"241":32,"242":14,"243":14,"244":14,"245":10,"246":10,"247":14,"248":2,"249":2,"250":6,"251":2,"252":1,"253":5,"254":1,"255":3,"256":3,"257":5,"258":1},"b":{"1":[2,2],"2":[22,1],"3":[18,5],"4":[1,22],"5":[87,2],"6":[85,2],"7":[83,2],"8":[81,2],"9":[79,2],"10":[73,6],"11":[71,2],"12":[69,2],"13":[67,2],"14":[65,2],"15":[63,2],"16":[61,2],"17":[59,2],"18":[57,2],"19":[55,2],"20":[53,2],"21":[51,2],"22":[49,2],"23":[49,0],"24":[49,0],"25":[49,0],"26":[49,0],"27":[46,3],"28":[46,0],"29":[49,0],"30":[49,0],"31":[47,2],"32":[75,2],"33":[73,2],"34":[71,2],"35":[122,4],"36":[118,4],"37":[112,6],"38":[108,4],"39":[106,2],"40":[102,4],"41":[43,59],"42":[88,6],"43":[67,4],"44":[65,2],"45":[65,0],"46":[63,2],"47":[61,2],"48":[59,2],"49":[8,2],"50":[6,2],"51":[2,4],"52":[4,0],"53":[29,2],"54":[27,2],"55":[23,4],"56":[2,21],"57":[2,0],"58":[48,6],"59":[48,6],"60":[42,6],"61":[32,12],"62":[14,18],"63":[2,0],"64":[3,0]},"f":{"1":4,"2":126,"3":44,"4":210,"5":95,"6":102,"7":10,"8":48,"9":6,"10":23,"11":23,"12":14,"13":114,"14":89,"15":77,"16":126,"17":102,"18":71,"19":10,"20":31,"21":23,"22":44,"23":2,"24":1,"25":3},"fnMap":{"1":{"name":"configure","line":56,"loc":{"start":{"line":56,"column":1},"end":{"line":66,"column":2}}},"2":{"name":"reward","line":88,"loc":{"start":{"line":88,"column":1},"end":{"line":90,"column":2}}},"3":{"name":"seize","line":96,"loc":{"start":{"line":96,"column":1},"end":{"line":98,"column":2}}},"4":{"name":"lock","line":104,"loc":{"start":{"line":104,"column":1},"end":{"line":106,"column":2}}},"5":{"name":"unlock","line":113,"loc":{"start":{"line":113,"column":1},"end":{"line":115,"column":2}}},"6":{"name":"lockContribution","line":125,"loc":{"start":{"line":125,"column":1},"end":{"line":127,"column":2}}},"7":{"name":"unlockContribution","line":131,"loc":{"start":{"line":131,"column":1},"end":{"line":133,"column":2}}},"8":{"name":"unlockAndRewardForContribution","line":137,"loc":{"start":{"line":137,"column":1},"end":{"line":139,"column":2}}},"9":{"name":"seizeContribution","line":144,"loc":{"start":{"line":144,"column":1},"end":{"line":146,"column":2}}},"10":{"name":"rewardForScheduling","line":150,"loc":{"start":{"line":150,"column":1},"end":{"line":152,"column":2}}},"11":{"name":"successWork","line":156,"loc":{"start":{"line":156,"column":1},"end":{"line":158,"column":2}}},"12":{"name":"failedWork","line":199,"loc":{"start":{"line":199,"column":1},"end":{"line":201,"column":2}}},"13":{"name":"verifySignature","line":219,"loc":{"start":{"line":219,"column":1},"end":{"line":221,"column":2}}},"14":{"name":"matchOrders","line":238,"loc":{"start":{"line":238,"column":1},"end":{"line":244,"column":2}}},"15":{"name":"initialize","line":392,"loc":{"start":{"line":392,"column":1},"end":{"line":394,"column":2}}},"16":{"name":"contribute","line":420,"loc":{"start":{"line":420,"column":1},"end":{"line":428,"column":2}}},"17":{"name":"checkConsensus","line":496,"loc":{"start":{"line":496,"column":1},"end":{"line":500,"column":2}}},"18":{"name":"reveal","line":533,"loc":{"start":{"line":533,"column":1},"end":{"line":537,"column":2}}},"19":{"name":"reopen","line":554,"loc":{"start":{"line":554,"column":1},"end":{"line":557,"column":2}}},"20":{"name":"finalize","line":584,"loc":{"start":{"line":584,"column":1},"end":{"line":588,"column":2}}},"21":{"name":"distributeRewards","line":635,"loc":{"start":{"line":635,"column":1},"end":{"line":637,"column":2}}},"22":{"name":"claim","line":707,"loc":{"start":{"line":707,"column":1},"end":{"line":710,"column":2}}},"23":{"name":"initializeArray","line":734,"loc":{"start":{"line":734,"column":1},"end":{"line":738,"column":2}}},"24":{"name":"claimArray","line":747,"loc":{"start":{"line":747,"column":1},"end":{"line":750,"column":2}}},"25":{"name":"initializeAndClaimArray","line":758,"loc":{"start":{"line":758,"column":1},"end":{"line":762,"column":2}}}},"statementMap":{"1":{"start":{"line":67,"column":2},"end":{"line":67,"column":68}},"2":{"start":{"line":69,"column":2},"end":{"line":69,"column":36}},"3":{"start":{"line":70,"column":2},"end":{"line":70,"column":27}},"4":{"start":{"line":71,"column":2},"end":{"line":71,"column":29}},"5":{"start":{"line":72,"column":2},"end":{"line":72,"column":30}},"6":{"start":{"line":73,"column":2},"end":{"line":73,"column":55}},"7":{"start":{"line":74,"column":2},"end":{"line":74,"column":59}},"8":{"start":{"line":75,"column":2},"end":{"line":75,"column":62}},"9":{"start":{"line":77,"column":2},"end":{"line":77,"column":3456}},"10":{"start":{"line":91,"column":2},"end":{"line":91,"column":39}},"11":{"start":{"line":92,"column":2},"end":{"line":92,"column":32}},"12":{"start":{"line":99,"column":2},"end":{"line":99,"column":46}},"13":{"start":{"line":100,"column":2},"end":{"line":100,"column":31}},"14":{"start":{"line":107,"column":2},"end":{"line":107,"column":39}},"15":{"start":{"line":108,"column":2},"end":{"line":108,"column":46}},"16":{"start":{"line":109,"column":2},"end":{"line":109,"column":25}},"17":{"start":{"line":116,"column":2},"end":{"line":116,"column":39}},"18":{"start":{"line":117,"column":2},"end":{"line":117,"column":46}},"19":{"start":{"line":118,"column":2},"end":{"line":118,"column":27}},"20":{"start":{"line":128,"column":2},"end":{"line":128,"column":44}},"21":{"start":{"line":134,"column":2},"end":{"line":134,"column":46}},"22":{"start":{"line":140,"column":2},"end":{"line":140,"column":46}},"23":{"start":{"line":141,"column":2},"end":{"line":141,"column":34}},"24":{"start":{"line":147,"column":2},"end":{"line":147,"column":54}},"25":{"start":{"line":153,"column":2},"end":{"line":153,"column":60}},"26":{"start":{"line":159,"column":2},"end":{"line":159,"column":54}},"27":{"start":{"line":161,"column":2},"end":{"line":161,"column":5943}},"28":{"start":{"line":164,"column":2},"end":{"line":164,"column":6096}},"29":{"start":{"line":168,"column":2},"end":{"line":168,"column":47}},"30":{"start":{"line":170,"column":2},"end":{"line":170,"column":6239}},"31":{"start":{"line":172,"column":3},"end":{"line":172,"column":49}},"32":{"start":{"line":175,"column":2},"end":{"line":175,"column":6342}},"33":{"start":{"line":177,"column":3},"end":{"line":177,"column":57}},"34":{"start":{"line":180,"column":2},"end":{"line":180,"column":41}},"35":{"start":{"line":187,"column":2},"end":{"line":187,"column":42}},"36":{"start":{"line":188,"column":2},"end":{"line":188,"column":6709}},"37":{"start":{"line":190,"column":3},"end":{"line":190,"column":6750}},"38":{"start":{"line":194,"column":3},"end":{"line":194,"column":47}},"39":{"start":{"line":195,"column":3},"end":{"line":195,"column":47}},"40":{"start":{"line":202,"column":2},"end":{"line":202,"column":54}},"41":{"start":{"line":204,"column":2},"end":{"line":204,"column":7201}},"42":{"start":{"line":207,"column":2},"end":{"line":207,"column":7354}},"43":{"start":{"line":210,"column":2},"end":{"line":210,"column":50}},"44":{"start":{"line":211,"column":2},"end":{"line":211,"column":50}},"45":{"start":{"line":212,"column":2},"end":{"line":212,"column":50}},"46":{"start":{"line":213,"column":2},"end":{"line":213,"column":50}},"47":{"start":{"line":222,"column":2},"end":{"line":222,"column":53}},"48":{"start":{"line":250,"column":2},"end":{"line":250,"column":78}},"49":{"start":{"line":251,"column":2},"end":{"line":251,"column":78}},"50":{"start":{"line":252,"column":2},"end":{"line":252,"column":78}},"51":{"start":{"line":253,"column":2},"end":{"line":253,"column":78}},"52":{"start":{"line":254,"column":2},"end":{"line":254,"column":78}},"53":{"start":{"line":255,"column":2},"end":{"line":255,"column":96}},"54":{"start":{"line":258,"column":2},"end":{"line":258,"column":56}},"55":{"start":{"line":259,"column":2},"end":{"line":259,"column":56}},"56":{"start":{"line":260,"column":2},"end":{"line":260,"column":161}},"57":{"start":{"line":261,"column":2},"end":{"line":261,"column":161}},"58":{"start":{"line":262,"column":2},"end":{"line":262,"column":161}},"59":{"start":{"line":263,"column":2},"end":{"line":263,"column":161}},"60":{"start":{"line":264,"column":2},"end":{"line":264,"column":161}},"61":{"start":{"line":265,"column":2},"end":{"line":265,"column":161}},"62":{"start":{"line":266,"column":2},"end":{"line":266,"column":161}},"63":{"start":{"line":267,"column":2},"end":{"line":267,"column":161}},"64":{"start":{"line":268,"column":2},"end":{"line":268,"column":161}},"65":{"start":{"line":269,"column":2},"end":{"line":269,"column":161}},"66":{"start":{"line":271,"column":2},"end":{"line":271,"column":88}},"67":{"start":{"line":272,"column":2},"end":{"line":272,"column":100}},"68":{"start":{"line":273,"column":2},"end":{"line":273,"column":109}},"69":{"start":{"line":278,"column":2},"end":{"line":278,"column":23}},"70":{"start":{"line":279,"column":2},"end":{"line":279,"column":53}},"71":{"start":{"line":282,"column":2},"end":{"line":282,"column":77}},"72":{"start":{"line":283,"column":2},"end":{"line":283,"column":42}},"73":{"start":{"line":284,"column":2},"end":{"line":284,"column":95}},"74":{"start":{"line":287,"column":2},"end":{"line":287,"column":11705}},"75":{"start":{"line":289,"column":3},"end":{"line":289,"column":86}},"76":{"start":{"line":290,"column":3},"end":{"line":290,"column":59}},"77":{"start":{"line":291,"column":3},"end":{"line":291,"column":112}},"78":{"start":{"line":295,"column":2},"end":{"line":295,"column":91}},"79":{"start":{"line":296,"column":2},"end":{"line":296,"column":70}},"80":{"start":{"line":297,"column":2},"end":{"line":297,"column":123}},"81":{"start":{"line":300,"column":2},"end":{"line":300,"column":84}},"82":{"start":{"line":301,"column":2},"end":{"line":301,"column":118}},"83":{"start":{"line":306,"column":2},"end":{"line":306,"column":16}},"84":{"start":{"line":307,"column":2},"end":{"line":307,"column":97}},"85":{"start":{"line":308,"column":2},"end":{"line":308,"column":107}},"86":{"start":{"line":309,"column":2},"end":{"line":309,"column":98}},"87":{"start":{"line":310,"column":2},"end":{"line":310,"column":98}},"88":{"start":{"line":311,"column":2},"end":{"line":311,"column":20}},"89":{"start":{"line":316,"column":2},"end":{"line":316,"column":13086}},"90":{"start":{"line":321,"column":2},"end":{"line":321,"column":53}},"91":{"start":{"line":322,"column":2},"end":{"line":322,"column":42}},"92":{"start":{"line":323,"column":2},"end":{"line":323,"column":41}},"93":{"start":{"line":324,"column":2},"end":{"line":324,"column":47}},"94":{"start":{"line":325,"column":2},"end":{"line":325,"column":45}},"95":{"start":{"line":326,"column":2},"end":{"line":326,"column":50}},"96":{"start":{"line":327,"column":2},"end":{"line":327,"column":76}},"97":{"start":{"line":328,"column":2},"end":{"line":328,"column":56}},"98":{"start":{"line":329,"column":2},"end":{"line":329,"column":48}},"99":{"start":{"line":330,"column":2},"end":{"line":330,"column":61}},"100":{"start":{"line":331,"column":2},"end":{"line":331,"column":55}},"101":{"start":{"line":332,"column":2},"end":{"line":332,"column":51}},"102":{"start":{"line":333,"column":2},"end":{"line":333,"column":82}},"103":{"start":{"line":334,"column":2},"end":{"line":334,"column":52}},"104":{"start":{"line":335,"column":2},"end":{"line":335,"column":54}},"105":{"start":{"line":336,"column":2},"end":{"line":336,"column":51}},"106":{"start":{"line":337,"column":2},"end":{"line":337,"column":49}},"107":{"start":{"line":338,"column":2},"end":{"line":338,"column":32}},"108":{"start":{"line":339,"column":2},"end":{"line":339,"column":56}},"109":{"start":{"line":340,"column":2},"end":{"line":340,"column":35}},"110":{"start":{"line":341,"column":2},"end":{"line":341,"column":140}},"111":{"start":{"line":342,"column":2},"end":{"line":342,"column":99}},"112":{"start":{"line":347,"column":2},"end":{"line":347,"column":97}},"113":{"start":{"line":348,"column":2},"end":{"line":348,"column":97}},"114":{"start":{"line":349,"column":2},"end":{"line":349,"column":97}},"115":{"start":{"line":350,"column":2},"end":{"line":350,"column":97}},"116":{"start":{"line":355,"column":2},"end":{"line":355,"column":15036}},"117":{"start":{"line":362,"column":2},"end":{"line":362,"column":15161}},"118":{"start":{"line":372,"column":2},"end":{"line":372,"column":55}},"119":{"start":{"line":377,"column":2},"end":{"line":377,"column":15490}},"120":{"start":{"line":386,"column":2},"end":{"line":386,"column":15}},"121":{"start":{"line":395,"column":2},"end":{"line":395,"column":53}},"122":{"start":{"line":397,"column":2},"end":{"line":397,"column":48}},"123":{"start":{"line":398,"column":2},"end":{"line":398,"column":48}},"124":{"start":{"line":400,"column":2},"end":{"line":400,"column":61}},"125":{"start":{"line":401,"column":2},"end":{"line":401,"column":53}},"126":{"start":{"line":402,"column":2},"end":{"line":402,"column":61}},"127":{"start":{"line":404,"column":2},"end":{"line":404,"column":66}},"128":{"start":{"line":405,"column":2},"end":{"line":405,"column":36}},"129":{"start":{"line":406,"column":2},"end":{"line":406,"column":32}},"130":{"start":{"line":407,"column":2},"end":{"line":407,"column":73}},"131":{"start":{"line":408,"column":2},"end":{"line":408,"column":94}},"132":{"start":{"line":409,"column":2},"end":{"line":409,"column":94}},"133":{"start":{"line":412,"column":2},"end":{"line":412,"column":26}},"134":{"start":{"line":414,"column":2},"end":{"line":414,"column":66}},"135":{"start":{"line":416,"column":2},"end":{"line":416,"column":15}},"136":{"start":{"line":429,"column":2},"end":{"line":429,"column":70}},"137":{"start":{"line":430,"column":2},"end":{"line":430,"column":90}},"138":{"start":{"line":431,"column":2},"end":{"line":431,"column":74}},"139":{"start":{"line":433,"column":2},"end":{"line":433,"column":83}},"140":{"start":{"line":434,"column":2},"end":{"line":434,"column":83}},"141":{"start":{"line":435,"column":2},"end":{"line":435,"column":83}},"142":{"start":{"line":438,"column":2},"end":{"line":438,"column":17699}},"143":{"start":{"line":451,"column":2},"end":{"line":451,"column":71}},"144":{"start":{"line":454,"column":2},"end":{"line":454,"column":18049}},"145":{"start":{"line":466,"column":2},"end":{"line":466,"column":83}},"146":{"start":{"line":467,"column":2},"end":{"line":467,"column":44}},"147":{"start":{"line":468,"column":2},"end":{"line":468,"column":44}},"148":{"start":{"line":469,"column":2},"end":{"line":469,"column":50}},"149":{"start":{"line":470,"column":2},"end":{"line":470,"column":35}},"150":{"start":{"line":472,"column":2},"end":{"line":472,"column":42}},"151":{"start":{"line":474,"column":2},"end":{"line":474,"column":55}},"152":{"start":{"line":484,"column":2},"end":{"line":484,"column":66}},"153":{"start":{"line":485,"column":2},"end":{"line":485,"column":54}},"154":{"start":{"line":486,"column":2},"end":{"line":486,"column":54}},"155":{"start":{"line":488,"column":2},"end":{"line":488,"column":51}},"156":{"start":{"line":489,"column":2},"end":{"line":489,"column":85}},"157":{"start":{"line":490,"column":2},"end":{"line":490,"column":72}},"158":{"start":{"line":493,"column":2},"end":{"line":493,"column":37}},"159":{"start":{"line":501,"column":2},"end":{"line":501,"column":56}},"160":{"start":{"line":502,"column":2},"end":{"line":502,"column":19725}},"161":{"start":{"line":506,"column":3},"end":{"line":506,"column":55}},"162":{"start":{"line":507,"column":3},"end":{"line":507,"column":28}},"163":{"start":{"line":508,"column":3},"end":{"line":508,"column":19963}},"164":{"start":{"line":510,"column":4},"end":{"line":510,"column":36}},"165":{"start":{"line":511,"column":4},"end":{"line":511,"column":20066}},"166":{"start":{"line":518,"column":5},"end":{"line":518,"column":40}},"167":{"start":{"line":523,"column":3},"end":{"line":523,"column":64}},"168":{"start":{"line":524,"column":3},"end":{"line":524,"column":34}},"169":{"start":{"line":525,"column":3},"end":{"line":525,"column":72}},"170":{"start":{"line":526,"column":3},"end":{"line":526,"column":25}},"171":{"start":{"line":527,"column":3},"end":{"line":527,"column":37}},"172":{"start":{"line":529,"column":3},"end":{"line":529,"column":42}},"173":{"start":{"line":538,"column":2},"end":{"line":538,"column":70}},"174":{"start":{"line":539,"column":2},"end":{"line":539,"column":90}},"175":{"start":{"line":540,"column":2},"end":{"line":540,"column":100}},"176":{"start":{"line":541,"column":2},"end":{"line":541,"column":100}},"177":{"start":{"line":542,"column":2},"end":{"line":542,"column":100}},"178":{"start":{"line":543,"column":2},"end":{"line":543,"column":100}},"179":{"start":{"line":544,"column":2},"end":{"line":544,"column":100}},"180":{"start":{"line":545,"column":2},"end":{"line":545,"column":100}},"181":{"start":{"line":547,"column":2},"end":{"line":547,"column":68}},"182":{"start":{"line":548,"column":2},"end":{"line":548,"column":48}},"183":{"start":{"line":549,"column":2},"end":{"line":549,"column":36}},"184":{"start":{"line":551,"column":2},"end":{"line":551,"column":53}},"185":{"start":{"line":558,"column":2},"end":{"line":558,"column":54}},"186":{"start":{"line":559,"column":2},"end":{"line":559,"column":73}},"187":{"start":{"line":560,"column":2},"end":{"line":560,"column":73}},"188":{"start":{"line":561,"column":2},"end":{"line":561,"column":22171}},"189":{"start":{"line":564,"column":2},"end":{"line":564,"column":22214}},"190":{"start":{"line":566,"column":3},"end":{"line":566,"column":40}},"191":{"start":{"line":567,"column":3},"end":{"line":567,"column":22319}},"192":{"start":{"line":569,"column":4},"end":{"line":569,"column":92}},"193":{"start":{"line":573,"column":2},"end":{"line":573,"column":118}},"194":{"start":{"line":574,"column":2},"end":{"line":574,"column":48}},"195":{"start":{"line":576,"column":2},"end":{"line":576,"column":60}},"196":{"start":{"line":577,"column":2},"end":{"line":577,"column":26}},"197":{"start":{"line":578,"column":2},"end":{"line":578,"column":24}},"198":{"start":{"line":579,"column":2},"end":{"line":579,"column":24}},"199":{"start":{"line":581,"column":2},"end":{"line":581,"column":26}},"200":{"start":{"line":589,"column":2},"end":{"line":589,"column":54}},"201":{"start":{"line":590,"column":2},"end":{"line":590,"column":72}},"202":{"start":{"line":591,"column":2},"end":{"line":591,"column":72}},"203":{"start":{"line":592,"column":2},"end":{"line":592,"column":23243}},"204":{"start":{"line":595,"column":2},"end":{"line":595,"column":56}},"205":{"start":{"line":596,"column":2},"end":{"line":596,"column":24}},"206":{"start":{"line":601,"column":2},"end":{"line":601,"column":34}},"207":{"start":{"line":602,"column":2},"end":{"line":602,"column":27}},"208":{"start":{"line":607,"column":2},"end":{"line":607,"column":38}},"209":{"start":{"line":612,"column":2},"end":{"line":612,"column":56}},"210":{"start":{"line":613,"column":2},"end":{"line":613,"column":23681}},"211":{"start":{"line":625,"column":3},"end":{"line":625,"column":29}},"212":{"start":{"line":626,"column":3},"end":{"line":626,"column":15}},"213":{"start":{"line":627,"column":3},"end":{"line":627,"column":24131}},"214":{"start":{"line":638,"column":2},"end":{"line":638,"column":54}},"215":{"start":{"line":639,"column":2},"end":{"line":639,"column":58}},"216":{"start":{"line":641,"column":2},"end":{"line":641,"column":11}},"217":{"start":{"line":642,"column":2},"end":{"line":642,"column":16}},"218":{"start":{"line":644,"column":2},"end":{"line":644,"column":28}},"219":{"start":{"line":645,"column":2},"end":{"line":645,"column":45}},"220":{"start":{"line":647,"column":2},"end":{"line":647,"column":24563}},"221":{"start":{"line":649,"column":3},"end":{"line":649,"column":31}},"222":{"start":{"line":650,"column":3},"end":{"line":650,"column":24652}},"223":{"start":{"line":652,"column":4},"end":{"line":652,"column":68}},"224":{"start":{"line":656,"column":4},"end":{"line":656,"column":50}},"225":{"start":{"line":661,"column":2},"end":{"line":661,"column":93}},"226":{"start":{"line":663,"column":2},"end":{"line":663,"column":25132}},"227":{"start":{"line":665,"column":3},"end":{"line":665,"column":31}},"228":{"start":{"line":666,"column":3},"end":{"line":666,"column":25221}},"229":{"start":{"line":668,"column":4},"end":{"line":668,"column":100}},"230":{"start":{"line":669,"column":4},"end":{"line":669,"column":55}},"231":{"start":{"line":671,"column":4},"end":{"line":671,"column":77}},"232":{"start":{"line":674,"column":4},"end":{"line":674,"column":25610}},"233":{"start":{"line":681,"column":5},"end":{"line":681,"column":58}},"234":{"start":{"line":682,"column":5},"end":{"line":682,"column":47}},"235":{"start":{"line":688,"column":4},"end":{"line":688,"column":50}},"236":{"start":{"line":698,"column":5},"end":{"line":698,"column":70}},"237":{"start":{"line":699,"column":5},"end":{"line":699,"column":45}},"238":{"start":{"line":704,"column":2},"end":{"line":704,"column":55}},"239":{"start":{"line":711,"column":2},"end":{"line":711,"column":54}},"240":{"start":{"line":712,"column":2},"end":{"line":712,"column":27151}},"241":{"start":{"line":714,"column":2},"end":{"line":714,"column":35}},"242":{"start":{"line":716,"column":2},"end":{"line":716,"column":53}},"243":{"start":{"line":721,"column":2},"end":{"line":721,"column":33}},"244":{"start":{"line":722,"column":2},"end":{"line":722,"column":27385}},"245":{"start":{"line":724,"column":3},"end":{"line":724,"column":40}},"246":{"start":{"line":725,"column":3},"end":{"line":725,"column":41}},"247":{"start":{"line":728,"column":2},"end":{"line":728,"column":27}},"248":{"start":{"line":739,"column":2},"end":{"line":739,"column":39}},"249":{"start":{"line":740,"column":2},"end":{"line":740,"column":27959}},"250":{"start":{"line":742,"column":3},"end":{"line":742,"column":33}},"251":{"start":{"line":744,"column":2},"end":{"line":744,"column":13}},"252":{"start":{"line":751,"column":2},"end":{"line":751,"column":28146}},"253":{"start":{"line":753,"column":3},"end":{"line":753,"column":19}},"254":{"start":{"line":755,"column":2},"end":{"line":755,"column":13}},"255":{"start":{"line":763,"column":2},"end":{"line":763,"column":39}},"256":{"start":{"line":764,"column":2},"end":{"line":764,"column":28401}},"257":{"start":{"line":766,"column":3},"end":{"line":766,"column":40}},"258":{"start":{"line":768,"column":2},"end":{"line":768,"column":13}}},"branchMap":{"1":{"line":67,"type":"if","locations":[{"start":{"line":67,"column":2},"end":{"line":67,"column":2}},{"start":{"line":67,"column":2},"end":{"line":67,"column":2}}]},"2":{"line":170,"type":"if","locations":[{"start":{"line":170,"column":2},"end":{"line":170,"column":2}},{"start":{"line":170,"column":2},"end":{"line":170,"column":2}}]},"3":{"line":175,"type":"if","locations":[{"start":{"line":175,"column":2},"end":{"line":175,"column":2}},{"start":{"line":175,"column":2},"end":{"line":175,"column":2}}]},"4":{"line":188,"type":"if","locations":[{"start":{"line":188,"column":2},"end":{"line":188,"column":2}},{"start":{"line":188,"column":2},"end":{"line":188,"column":2}}]},"5":{"line":250,"type":"if","locations":[{"start":{"line":250,"column":2},"end":{"line":250,"column":2}},{"start":{"line":250,"column":2},"end":{"line":250,"column":2}}]},"6":{"line":251,"type":"if","locations":[{"start":{"line":251,"column":2},"end":{"line":251,"column":2}},{"start":{"line":251,"column":2},"end":{"line":251,"column":2}}]},"7":{"line":252,"type":"if","locations":[{"start":{"line":252,"column":2},"end":{"line":252,"column":2}},{"start":{"line":252,"column":2},"end":{"line":252,"column":2}}]},"8":{"line":253,"type":"if","locations":[{"start":{"line":253,"column":2},"end":{"line":253,"column":2}},{"start":{"line":253,"column":2},"end":{"line":253,"column":2}}]},"9":{"line":254,"type":"if","locations":[{"start":{"line":254,"column":2},"end":{"line":254,"column":2}},{"start":{"line":254,"column":2},"end":{"line":254,"column":2}}]},"10":{"line":255,"type":"if","locations":[{"start":{"line":255,"column":2},"end":{"line":255,"column":2}},{"start":{"line":255,"column":2},"end":{"line":255,"column":2}}]},"11":{"line":258,"type":"if","locations":[{"start":{"line":258,"column":2},"end":{"line":258,"column":2}},{"start":{"line":258,"column":2},"end":{"line":258,"column":2}}]},"12":{"line":259,"type":"if","locations":[{"start":{"line":259,"column":2},"end":{"line":259,"column":2}},{"start":{"line":259,"column":2},"end":{"line":259,"column":2}}]},"13":{"line":260,"type":"if","locations":[{"start":{"line":260,"column":2},"end":{"line":260,"column":2}},{"start":{"line":260,"column":2},"end":{"line":260,"column":2}}]},"14":{"line":261,"type":"if","locations":[{"start":{"line":261,"column":2},"end":{"line":261,"column":2}},{"start":{"line":261,"column":2},"end":{"line":261,"column":2}}]},"15":{"line":262,"type":"if","locations":[{"start":{"line":262,"column":2},"end":{"line":262,"column":2}},{"start":{"line":262,"column":2},"end":{"line":262,"column":2}}]},"16":{"line":263,"type":"if","locations":[{"start":{"line":263,"column":2},"end":{"line":263,"column":2}},{"start":{"line":263,"column":2},"end":{"line":263,"column":2}}]},"17":{"line":264,"type":"if","locations":[{"start":{"line":264,"column":2},"end":{"line":264,"column":2}},{"start":{"line":264,"column":2},"end":{"line":264,"column":2}}]},"18":{"line":265,"type":"if","locations":[{"start":{"line":265,"column":2},"end":{"line":265,"column":2}},{"start":{"line":265,"column":2},"end":{"line":265,"column":2}}]},"19":{"line":266,"type":"if","locations":[{"start":{"line":266,"column":2},"end":{"line":266,"column":2}},{"start":{"line":266,"column":2},"end":{"line":266,"column":2}}]},"20":{"line":267,"type":"if","locations":[{"start":{"line":267,"column":2},"end":{"line":267,"column":2}},{"start":{"line":267,"column":2},"end":{"line":267,"column":2}}]},"21":{"line":268,"type":"if","locations":[{"start":{"line":268,"column":2},"end":{"line":268,"column":2}},{"start":{"line":268,"column":2},"end":{"line":268,"column":2}}]},"22":{"line":269,"type":"if","locations":[{"start":{"line":269,"column":2},"end":{"line":269,"column":2}},{"start":{"line":269,"column":2},"end":{"line":269,"column":2}}]},"23":{"line":271,"type":"if","locations":[{"start":{"line":271,"column":2},"end":{"line":271,"column":2}},{"start":{"line":271,"column":2},"end":{"line":271,"column":2}}]},"24":{"line":272,"type":"if","locations":[{"start":{"line":272,"column":2},"end":{"line":272,"column":2}},{"start":{"line":272,"column":2},"end":{"line":272,"column":2}}]},"25":{"line":273,"type":"if","locations":[{"start":{"line":273,"column":2},"end":{"line":273,"column":2}},{"start":{"line":273,"column":2},"end":{"line":273,"column":2}}]},"26":{"line":284,"type":"if","locations":[{"start":{"line":284,"column":2},"end":{"line":284,"column":2}},{"start":{"line":284,"column":2},"end":{"line":284,"column":2}}]},"27":{"line":287,"type":"if","locations":[{"start":{"line":287,"column":2},"end":{"line":287,"column":2}},{"start":{"line":287,"column":2},"end":{"line":287,"column":2}}]},"28":{"line":291,"type":"if","locations":[{"start":{"line":291,"column":3},"end":{"line":291,"column":3}},{"start":{"line":291,"column":3},"end":{"line":291,"column":3}}]},"29":{"line":297,"type":"if","locations":[{"start":{"line":297,"column":2},"end":{"line":297,"column":2}},{"start":{"line":297,"column":2},"end":{"line":297,"column":2}}]},"30":{"line":301,"type":"if","locations":[{"start":{"line":301,"column":2},"end":{"line":301,"column":2}},{"start":{"line":301,"column":2},"end":{"line":301,"column":2}}]},"31":{"line":311,"type":"if","locations":[{"start":{"line":311,"column":2},"end":{"line":311,"column":2}},{"start":{"line":311,"column":2},"end":{"line":311,"column":2}}]},"32":{"line":397,"type":"if","locations":[{"start":{"line":397,"column":2},"end":{"line":397,"column":2}},{"start":{"line":397,"column":2},"end":{"line":397,"column":2}}]},"33":{"line":398,"type":"if","locations":[{"start":{"line":398,"column":2},"end":{"line":398,"column":2}},{"start":{"line":398,"column":2},"end":{"line":398,"column":2}}]},"34":{"line":402,"type":"if","locations":[{"start":{"line":402,"column":2},"end":{"line":402,"column":2}},{"start":{"line":402,"column":2},"end":{"line":402,"column":2}}]},"35":{"line":433,"type":"if","locations":[{"start":{"line":433,"column":2},"end":{"line":433,"column":2}},{"start":{"line":433,"column":2},"end":{"line":433,"column":2}}]},"36":{"line":434,"type":"if","locations":[{"start":{"line":434,"column":2},"end":{"line":434,"column":2}},{"start":{"line":434,"column":2},"end":{"line":434,"column":2}}]},"37":{"line":435,"type":"if","locations":[{"start":{"line":435,"column":2},"end":{"line":435,"column":2}},{"start":{"line":435,"column":2},"end":{"line":435,"column":2}}]},"38":{"line":438,"type":"if","locations":[{"start":{"line":438,"column":2},"end":{"line":438,"column":2}},{"start":{"line":438,"column":2},"end":{"line":438,"column":2}}]},"39":{"line":451,"type":"if","locations":[{"start":{"line":451,"column":2},"end":{"line":451,"column":2}},{"start":{"line":451,"column":2},"end":{"line":451,"column":2}}]},"40":{"line":454,"type":"if","locations":[{"start":{"line":454,"column":2},"end":{"line":454,"column":2}},{"start":{"line":454,"column":2},"end":{"line":454,"column":2}}]},"41":{"line":502,"type":"if","locations":[{"start":{"line":502,"column":2},"end":{"line":502,"column":2}},{"start":{"line":502,"column":2},"end":{"line":502,"column":2}}]},"42":{"line":511,"type":"if","locations":[{"start":{"line":511,"column":4},"end":{"line":511,"column":4}},{"start":{"line":511,"column":4},"end":{"line":511,"column":4}}]},"43":{"line":540,"type":"if","locations":[{"start":{"line":540,"column":2},"end":{"line":540,"column":2}},{"start":{"line":540,"column":2},"end":{"line":540,"column":2}}]},"44":{"line":541,"type":"if","locations":[{"start":{"line":541,"column":2},"end":{"line":541,"column":2}},{"start":{"line":541,"column":2},"end":{"line":541,"column":2}}]},"45":{"line":542,"type":"if","locations":[{"start":{"line":542,"column":2},"end":{"line":542,"column":2}},{"start":{"line":542,"column":2},"end":{"line":542,"column":2}}]},"46":{"line":543,"type":"if","locations":[{"start":{"line":543,"column":2},"end":{"line":543,"column":2}},{"start":{"line":543,"column":2},"end":{"line":543,"column":2}}]},"47":{"line":544,"type":"if","locations":[{"start":{"line":544,"column":2},"end":{"line":544,"column":2}},{"start":{"line":544,"column":2},"end":{"line":544,"column":2}}]},"48":{"line":545,"type":"if","locations":[{"start":{"line":545,"column":2},"end":{"line":545,"column":2}},{"start":{"line":545,"column":2},"end":{"line":545,"column":2}}]},"49":{"line":559,"type":"if","locations":[{"start":{"line":559,"column":2},"end":{"line":559,"column":2}},{"start":{"line":559,"column":2},"end":{"line":559,"column":2}}]},"50":{"line":560,"type":"if","locations":[{"start":{"line":560,"column":2},"end":{"line":560,"column":2}},{"start":{"line":560,"column":2},"end":{"line":560,"column":2}}]},"51":{"line":561,"type":"if","locations":[{"start":{"line":561,"column":2},"end":{"line":561,"column":2}},{"start":{"line":561,"column":2},"end":{"line":561,"column":2}}]},"52":{"line":567,"type":"if","locations":[{"start":{"line":567,"column":3},"end":{"line":567,"column":3}},{"start":{"line":567,"column":3},"end":{"line":567,"column":3}}]},"53":{"line":590,"type":"if","locations":[{"start":{"line":590,"column":2},"end":{"line":590,"column":2}},{"start":{"line":590,"column":2},"end":{"line":590,"column":2}}]},"54":{"line":591,"type":"if","locations":[{"start":{"line":591,"column":2},"end":{"line":591,"column":2}},{"start":{"line":591,"column":2},"end":{"line":591,"column":2}}]},"55":{"line":592,"type":"if","locations":[{"start":{"line":592,"column":2},"end":{"line":592,"column":2}},{"start":{"line":592,"column":2},"end":{"line":592,"column":2}}]},"56":{"line":613,"type":"if","locations":[{"start":{"line":613,"column":2},"end":{"line":613,"column":2}},{"start":{"line":613,"column":2},"end":{"line":613,"column":2}}]},"57":{"line":625,"type":"if","locations":[{"start":{"line":625,"column":3},"end":{"line":625,"column":3}},{"start":{"line":625,"column":3},"end":{"line":625,"column":3}}]},"58":{"line":650,"type":"if","locations":[{"start":{"line":650,"column":3},"end":{"line":650,"column":3}},{"start":{"line":650,"column":3},"end":{"line":650,"column":3}}]},"59":{"line":666,"type":"if","locations":[{"start":{"line":666,"column":3},"end":{"line":666,"column":3}},{"start":{"line":666,"column":3},"end":{"line":666,"column":3}}]},"60":{"line":674,"type":"if","locations":[{"start":{"line":674,"column":4},"end":{"line":674,"column":4}},{"start":{"line":674,"column":4},"end":{"line":674,"column":4}}]},"61":{"line":712,"type":"if","locations":[{"start":{"line":712,"column":2},"end":{"line":712,"column":2}},{"start":{"line":712,"column":2},"end":{"line":712,"column":2}}]},"62":{"line":714,"type":"if","locations":[{"start":{"line":714,"column":2},"end":{"line":714,"column":2}},{"start":{"line":714,"column":2},"end":{"line":714,"column":2}}]},"63":{"line":739,"type":"if","locations":[{"start":{"line":739,"column":2},"end":{"line":739,"column":2}},{"start":{"line":739,"column":2},"end":{"line":739,"column":2}}]},"64":{"line":763,"type":"if","locations":[{"start":{"line":763,"column":2},"end":{"line":763,"column":2}},{"start":{"line":763,"column":2},"end":{"line":763,"column":2}}]}}},"contracts/delegates/IexecRelay.sol":{"l":{},"path":"/home/amxx/Work/iExec/code/PoCo-dev/contracts/delegates/IexecRelay.sol","s":{"1":1,"2":1,"3":1,"4":1},"b":{},"f":{"1":1,"2":1,"3":1,"4":1},"fnMap":{"1":{"name":"broadcastAppOrder","line":22,"loc":{"start":{"line":22,"column":1},"end":{"line":22,"column":105}}},"2":{"name":"broadcastDatasetOrder","line":23,"loc":{"start":{"line":23,"column":1},"end":{"line":23,"column":105}}},"3":{"name":"broadcastWorkerpoolOrder","line":24,"loc":{"start":{"line":24,"column":1},"end":{"line":24,"column":105}}},"4":{"name":"broadcastRequestOrder","line":25,"loc":{"start":{"line":25,"column":1},"end":{"line":25,"column":105}}}},"statementMap":{"1":{"start":{"line":22,"column":107},"end":{"line":22,"column":154}},"2":{"start":{"line":23,"column":107},"end":{"line":23,"column":154}},"3":{"start":{"line":24,"column":107},"end":{"line":24,"column":154}},"4":{"start":{"line":25,"column":107},"end":{"line":25,"column":154}}},"branchMap":{}},"contracts/IexecInterfaceNative.sol":{"l":{},"path":"/home/amxx/Work/iExec/code/PoCo-dev/contracts/IexecInterfaceNative.sol","s":{},"b":{},"f":{},"fnMap":{},"statementMap":{},"branchMap":{}},"contracts/IexecInterfaceNativeABILegacy.sol":{"l":{},"path":"/home/amxx/Work/iExec/code/PoCo-dev/contracts/IexecInterfaceNativeABILegacy.sol","s":{},"b":{},"f":{},"fnMap":{},"statementMap":{},"branchMap":{}},"contracts/IexecInterfaceToken.sol":{"l":{},"path":"/home/amxx/Work/iExec/code/PoCo-dev/contracts/IexecInterfaceToken.sol","s":{},"b":{},"f":{},"fnMap":{},"statementMap":{},"branchMap":{}},"contracts/IexecInterfaceTokenABILegacy.sol":{"l":{},"path":"/home/amxx/Work/iExec/code/PoCo-dev/contracts/IexecInterfaceTokenABILegacy.sol","s":{},"b":{},"f":{},"fnMap":{},"statementMap":{},"branchMap":{}},"contracts/libs/IexecODBLibCore.sol":{"l":{},"path":"/home/amxx/Work/iExec/code/PoCo-dev/contracts/libs/IexecODBLibCore.sol","s":{},"b":{},"f":{},"fnMap":{},"statementMap":{},"branchMap":{}},"contracts/libs/IexecODBLibOrders.sol":{"l":{"97":2,"98":2,"99":2,"100":2,"136":54,"137":54,"167":51,"168":51,"200":54,"201":54,"240":54,"241":54,"242":54,"260":213},"path":"/home/amxx/Work/iExec/code/PoCo-dev/contracts/libs/IexecODBLibOrders.sol","s":{"1":2,"2":2,"3":2,"4":54,"5":51,"6":54,"7":54,"8":54,"9":213},"b":{},"f":{"1":2,"2":54,"3":51,"4":54,"5":54,"6":213},"fnMap":{"1":{"name":"hash","line":82,"loc":{"start":{"line":82,"column":1},"end":{"line":84,"column":2}}},"2":{"name":"hash","line":117,"loc":{"start":{"line":117,"column":1},"end":{"line":119,"column":2}}},"3":{"name":"hash","line":148,"loc":{"start":{"line":148,"column":1},"end":{"line":150,"column":2}}},"4":{"name":"hash","line":179,"loc":{"start":{"line":179,"column":1},"end":{"line":181,"column":2}}},"5":{"name":"hash","line":212,"loc":{"start":{"line":212,"column":1},"end":{"line":214,"column":2}}},"6":{"name":"toEthTypedStructHash","line":257,"loc":{"start":{"line":257,"column":1},"end":{"line":259,"column":2}}}},"statementMap":{"1":{"start":{"line":97,"column":2},"end":{"line":97,"column":45}},"2":{"start":{"line":98,"column":2},"end":{"line":98,"column":54}},"3":{"start":{"line":99,"column":2},"end":{"line":99,"column":57}},"4":{"start":{"line":136,"column":2},"end":{"line":136,"column":38}},"5":{"start":{"line":167,"column":2},"end":{"line":167,"column":42}},"6":{"start":{"line":200,"column":2},"end":{"line":200,"column":45}},"7":{"start":{"line":240,"column":2},"end":{"line":240,"column":42}},"8":{"start":{"line":241,"column":2},"end":{"line":241,"column":61}},"9":{"start":{"line":260,"column":2},"end":{"line":260,"column":74}}},"branchMap":{}},"contracts/libs/SignatureVerifier.sol":{"l":{"12":20,"18":29,"27":453,"34":453,"35":453,"36":453,"37":453,"38":444,"44":444,"45":444,"46":443,"52":150},"path":"/home/amxx/Work/iExec/code/PoCo-dev/contracts/libs/SignatureVerifier.sol","s":{"1":20,"2":29,"3":453,"4":453,"5":453,"6":453,"7":453,"8":9,"9":444,"10":146,"11":444,"12":1,"13":443,"14":150},"b":{"1":[9,444],"2":[146,298],"3":[1,443]},"f":{"1":20,"2":29,"3":453,"4":453,"5":150},"fnMap":{"1":{"name":"addrToKey","line":9,"loc":{"start":{"line":9,"column":1},"end":{"line":11,"column":2}}},"2":{"name":"checkIdentity","line":15,"loc":{"start":{"line":15,"column":1},"end":{"line":17,"column":2}}},"3":{"name":"checkSignature","line":21,"loc":{"start":{"line":21,"column":1},"end":{"line":26,"column":2}}},"4":{"name":"recoverCheck","line":31,"loc":{"start":{"line":31,"column":1},"end":{"line":33,"column":2}}},"5":{"name":"toEthSignedMessageHash","line":49,"loc":{"start":{"line":49,"column":1},"end":{"line":51,"column":2}}}},"statementMap":{"1":{"start":{"line":12,"column":2},"end":{"line":12,"column":32}},"2":{"start":{"line":18,"column":2},"end":{"line":18,"column":101}},"3":{"start":{"line":27,"column":2},"end":{"line":27,"column":110}},"4":{"start":{"line":34,"column":2},"end":{"line":34,"column":11}},"5":{"start":{"line":35,"column":2},"end":{"line":35,"column":11}},"6":{"start":{"line":36,"column":2},"end":{"line":36,"column":11}},"7":{"start":{"line":37,"column":2},"end":{"line":37,"column":37}},"8":{"start":{"line":37,"column":25},"end":{"line":37,"column":37}},"9":{"start":{"line":44,"column":2},"end":{"line":44,"column":21}},"10":{"start":{"line":44,"column":14},"end":{"line":44,"column":20}},"11":{"start":{"line":45,"column":2},"end":{"line":45,"column":38}},"12":{"start":{"line":45,"column":26},"end":{"line":45,"column":38}},"13":{"start":{"line":46,"column":2},"end":{"line":46,"column":46}},"14":{"start":{"line":52,"column":2},"end":{"line":52,"column":78}}},"branchMap":{"1":{"line":37,"type":"if","locations":[{"start":{"line":37,"column":2},"end":{"line":37,"column":2}},{"start":{"line":37,"column":2},"end":{"line":37,"column":2}}]},"2":{"line":44,"type":"if","locations":[{"start":{"line":44,"column":2},"end":{"line":44,"column":2}},{"start":{"line":44,"column":2},"end":{"line":44,"column":2}}]},"3":{"line":45,"type":"if","locations":[{"start":{"line":45,"column":2},"end":{"line":45,"column":2}},{"start":{"line":45,"column":2},"end":{"line":45,"column":2}}]}}},"contracts/registries/App.sol":{"l":{"31":34,"32":34,"33":34,"34":34,"35":34,"36":34},"path":"/home/amxx/Work/iExec/code/PoCo-dev/contracts/registries/App.sol","s":{"1":34,"2":34,"3":34,"4":34,"5":34,"6":34,"7":2},"b":{},"f":{"1":34,"2":2},"fnMap":{"1":{"name":"setup","line":22,"loc":{"start":{"line":22,"column":1},"end":{"line":30,"column":2}}},"2":{"name":"transferOwnership","line":39,"loc":{"start":{"line":39,"column":1},"end":{"line":39,"column":44}}}},"statementMap":{"1":{"start":{"line":31,"column":2},"end":{"line":31,"column":30}},"2":{"start":{"line":32,"column":2},"end":{"line":32,"column":26}},"3":{"start":{"line":33,"column":2},"end":{"line":33,"column":26}},"4":{"start":{"line":34,"column":2},"end":{"line":34,"column":31}},"5":{"start":{"line":35,"column":2},"end":{"line":35,"column":30}},"6":{"start":{"line":36,"column":2},"end":{"line":36,"column":31}},"7":{"start":{"line":39,"column":46},"end":{"line":39,"column":63}}},"branchMap":{}},"contracts/registries/AppRegistry.sol":{"l":{"32":30,"40":30,"41":30,"50":30,"51":30,"53":30},"path":"/home/amxx/Work/iExec/code/PoCo-dev/contracts/registries/AppRegistry.sol","s":{"1":30,"2":30,"3":30,"4":30,"5":30,"6":30},"b":{},"f":{"1":4,"2":30},"fnMap":{"1":{"name":"constructor","line":15,"loc":{"start":{"line":15,"column":1},"end":{"line":17,"column":2}}},"2":{"name":"createApp","line":23,"loc":{"start":{"line":23,"column":1},"end":{"line":31,"column":2}}}},"statementMap":{"1":{"start":{"line":32,"column":2},"end":{"line":32,"column":593}},"2":{"start":{"line":40,"column":2},"end":{"line":40,"column":55}},"3":{"start":{"line":41,"column":2},"end":{"line":41,"column":778}},"4":{"start":{"line":50,"column":2},"end":{"line":50,"column":32}},"5":{"start":{"line":51,"column":2},"end":{"line":51,"column":41}},"6":{"start":{"line":53,"column":2},"end":{"line":53,"column":12}}},"branchMap":{}},"contracts/registries/CounterfactualFactory.sol":{"l":{"8":90,"9":90,"10":90,"12":90,"17":90,"23":0},"path":"/home/amxx/Work/iExec/code/PoCo-dev/contracts/registries/CounterfactualFactory.sol","s":{"1":90,"2":90,"3":90,"4":90,"5":0},"b":{},"f":{"1":90,"2":0},"fnMap":{"1":{"name":"_create2","line":5,"loc":{"start":{"line":5,"column":1},"end":{"line":7,"column":2}}},"2":{"name":"_predictAddress","line":20,"loc":{"start":{"line":20,"column":1},"end":{"line":22,"column":2}}}},"statementMap":{"1":{"start":{"line":8,"column":2},"end":{"line":8,"column":27}},"2":{"start":{"line":9,"column":2},"end":{"line":9,"column":27}},"3":{"start":{"line":10,"column":2},"end":{"line":10,"column":19}},"4":{"start":{"line":17,"column":2},"end":{"line":17,"column":13}},"5":{"start":{"line":23,"column":2},"end":{"line":23,"column":539}}},"branchMap":{}},"contracts/registries/Dataset.sol":{"l":{"27":34,"28":34,"29":34,"30":34},"path":"/home/amxx/Work/iExec/code/PoCo-dev/contracts/registries/Dataset.sol","s":{"1":34,"2":34,"3":34,"4":34,"5":2},"b":{},"f":{"1":34,"2":2},"fnMap":{"1":{"name":"setup","line":20,"loc":{"start":{"line":20,"column":1},"end":{"line":26,"column":2}}},"2":{"name":"transferOwnership","line":33,"loc":{"start":{"line":33,"column":1},"end":{"line":33,"column":44}}}},"statementMap":{"1":{"start":{"line":27,"column":2},"end":{"line":27,"column":34}},"2":{"start":{"line":28,"column":2},"end":{"line":28,"column":34}},"3":{"start":{"line":29,"column":2},"end":{"line":29,"column":39}},"4":{"start":{"line":30,"column":2},"end":{"line":30,"column":38}},"5":{"start":{"line":33,"column":46},"end":{"line":33,"column":63}}},"branchMap":{}},"contracts/registries/DatasetRegistry.sol":{"l":{"30":30,"36":30,"37":30,"44":30,"45":30,"46":30},"path":"/home/amxx/Work/iExec/code/PoCo-dev/contracts/registries/DatasetRegistry.sol","s":{"1":30,"2":30,"3":30,"4":30,"5":30,"6":30},"b":{},"f":{"1":4,"2":30},"fnMap":{"1":{"name":"constructor","line":15,"loc":{"start":{"line":15,"column":1},"end":{"line":17,"column":2}}},"2":{"name":"createDataset","line":23,"loc":{"start":{"line":23,"column":1},"end":{"line":29,"column":2}}}},"statementMap":{"1":{"start":{"line":30,"column":2},"end":{"line":30,"column":578}},"2":{"start":{"line":36,"column":2},"end":{"line":36,"column":71}},"3":{"start":{"line":37,"column":2},"end":{"line":37,"column":760}},"4":{"start":{"line":44,"column":2},"end":{"line":44,"column":40}},"5":{"start":{"line":45,"column":2},"end":{"line":45,"column":53}},"6":{"start":{"line":46,"column":2},"end":{"line":46,"column":16}}},"branchMap":{}},"contracts/registries/RegistryBase.sol":{"l":{"32":156,"38":12,"44":12,"55":90,"56":90,"57":90,"58":90,"59":90},"path":"/home/amxx/Work/iExec/code/PoCo-dev/contracts/registries/RegistryBase.sol","s":{"1":156,"2":12,"3":12,"4":90,"5":90,"6":90,"7":90,"8":90},"b":{},"f":{"1":12,"2":156,"3":12,"4":12,"5":90},"fnMap":{"1":{"name":"constructor","line":21,"loc":{"start":{"line":21,"column":1},"end":{"line":23,"column":2}}},"2":{"name":"isRegistered","line":29,"loc":{"start":{"line":29,"column":1},"end":{"line":31,"column":2}}},"3":{"name":"viewEntry","line":35,"loc":{"start":{"line":35,"column":1},"end":{"line":37,"column":2}}},"4":{"name":"viewCount","line":41,"loc":{"start":{"line":41,"column":1},"end":{"line":43,"column":2}}},"5":{"name":"insert","line":50,"loc":{"start":{"line":50,"column":1},"end":{"line":54,"column":2}}}},"statementMap":{"1":{"start":{"line":32,"column":2},"end":{"line":32,"column":29}},"2":{"start":{"line":38,"column":2},"end":{"line":38,"column":41}},"3":{"start":{"line":44,"column":2},"end":{"line":44,"column":31}},"4":{"start":{"line":55,"column":2},"end":{"line":55,"column":41}},"5":{"start":{"line":56,"column":2},"end":{"line":56,"column":34}},"6":{"start":{"line":57,"column":2},"end":{"line":57,"column":38}},"7":{"start":{"line":58,"column":2},"end":{"line":58,"column":36}},"8":{"start":{"line":59,"column":2},"end":{"line":59,"column":13}}},"branchMap":{}},"contracts/registries/Workerpool.sol":{"l":{"32":34,"33":34,"34":34,"35":34,"43":26,"45":24,"50":24,"51":24},"path":"/home/amxx/Work/iExec/code/PoCo-dev/contracts/registries/Workerpool.sol","s":{"1":34,"2":34,"3":34,"4":34,"5":26,"6":24,"7":24,"8":24,"9":2},"b":{"1":[24,2]},"f":{"1":34,"2":26,"3":2},"fnMap":{"1":{"name":"setup","line":27,"loc":{"start":{"line":27,"column":1},"end":{"line":31,"column":2}}},"2":{"name":"changePolicy","line":38,"loc":{"start":{"line":38,"column":1},"end":{"line":42,"column":2}}},"3":{"name":"transferOwnership","line":54,"loc":{"start":{"line":54,"column":1},"end":{"line":54,"column":44}}}},"statementMap":{"1":{"start":{"line":32,"column":2},"end":{"line":32,"column":37}},"2":{"start":{"line":33,"column":2},"end":{"line":33,"column":54}},"3":{"start":{"line":34,"column":2},"end":{"line":34,"column":34}},"4":{"start":{"line":35,"column":2},"end":{"line":35,"column":33}},"5":{"start":{"line":43,"column":2},"end":{"line":43,"column":47}},"6":{"start":{"line":45,"column":2},"end":{"line":45,"column":1188}},"7":{"start":{"line":50,"column":2},"end":{"line":50,"column":58}},"8":{"start":{"line":51,"column":2},"end":{"line":51,"column":62}},"9":{"start":{"line":54,"column":46},"end":{"line":54,"column":63}}},"branchMap":{"1":{"line":43,"type":"if","locations":[{"start":{"line":43,"column":2},"end":{"line":43,"column":2}},{"start":{"line":43,"column":2},"end":{"line":43,"column":2}}]}}},"contracts/registries/WorkerpoolRegistry.sol":{"l":{"28":30,"32":30,"33":30,"38":30,"39":30,"41":30},"path":"/home/amxx/Work/iExec/code/PoCo-dev/contracts/registries/WorkerpoolRegistry.sol","s":{"1":30,"2":30,"3":30,"4":30,"5":30,"6":30},"b":{},"f":{"1":4,"2":30},"fnMap":{"1":{"name":"constructor","line":15,"loc":{"start":{"line":15,"column":1},"end":{"line":17,"column":2}}},"2":{"name":"createWorkerpool","line":23,"loc":{"start":{"line":23,"column":1},"end":{"line":27,"column":2}}}},"statementMap":{"1":{"start":{"line":28,"column":2},"end":{"line":28,"column":534}},"2":{"start":{"line":32,"column":2},"end":{"line":32,"column":83}},"3":{"start":{"line":33,"column":2},"end":{"line":33,"column":695}},"4":{"start":{"line":38,"column":2},"end":{"line":38,"column":46}},"5":{"start":{"line":39,"column":2},"end":{"line":39,"column":62}},"6":{"start":{"line":41,"column":2},"end":{"line":41,"column":19}}},"branchMap":{}},"contracts/Store.sol":{"l":{"57":45,"58":41},"path":"/home/amxx/Work/iExec/code/PoCo-dev/contracts/Store.sol","s":{"1":45},"b":{"1":[41,4]},"f":{"1":45},"fnMap":{"1":{"name":"onlyScheduler","line":55,"loc":{"start":{"line":55,"column":1},"end":{"line":56,"column":2}}}},"statementMap":{"1":{"start":{"line":57,"column":2},"end":{"line":57,"column":73}}},"branchMap":{"1":{"line":57,"type":"if","locations":[{"start":{"line":57,"column":2},"end":{"line":57,"column":2}},{"start":{"line":57,"column":2},"end":{"line":57,"column":2}}]}}},"contracts/tools/ENSReverseRegistrationOwnable.sol":{"l":{"15":8},"path":"/home/amxx/Work/iExec/code/PoCo-dev/contracts/tools/ENSReverseRegistrationOwnable.sol","s":{"1":8},"b":{},"f":{"1":8},"fnMap":{"1":{"name":"registerENS","line":12,"loc":{"start":{"line":12,"column":1},"end":{"line":14,"column":2}}}},"statementMap":{"1":{"start":{"line":15,"column":2},"end":{"line":15,"column":61}}},"branchMap":{}},"contracts/tools/Once.sol":{"l":{"10":102,"15":126,"16":102,"17":102},"path":"/home/amxx/Work/iExec/code/PoCo-dev/contracts/tools/Once.sol","s":{"1":102,"2":126,"3":102},"b":{"1":[102,24]},"f":{"1":102,"2":126},"fnMap":{"1":{"name":"constructor","line":7,"loc":{"start":{"line":7,"column":1},"end":{"line":9,"column":2}}},"2":{"name":"onlyOnce","line":13,"loc":{"start":{"line":13,"column":1},"end":{"line":14,"column":2}}}},"statementMap":{"1":{"start":{"line":10,"column":2},"end":{"line":10,"column":15}},"2":{"start":{"line":15,"column":2},"end":{"line":15,"column":35}},"3":{"start":{"line":17,"column":2},"end":{"line":17,"column":14}}},"branchMap":{"1":{"line":15,"type":"if","locations":[{"start":{"line":15,"column":2},"end":{"line":15,"column":2}},{"start":{"line":15,"column":2},"end":{"line":15,"column":2}}]}}}}