TN:
SF:/home/amxx/Work/iExec/code/PoCo-dev/contracts/delegates/DelegateBase.sol
FN:8,constructor
FNF:1
FNH:1
FNDA:36,constructor
DA:11,36
LF:1
LH:1
BRF:0
BRH:0
end_of_record
TN:
SF:/home/amxx/Work/iExec/code/PoCo-dev/contracts/delegates/ENSReverseRegistration.sol
FN:15,registerENS
FNF:1
FNH:0
FNDA:0,registerENS
DA:18,0
LF:1
LH:0
BRF:0
BRH:0
end_of_record
TN:
SF:/home/amxx/Work/iExec/code/PoCo-dev/contracts/delegates/IexecAccessors.sol
FN:32,name
FN:38,symbol
FN:44,decimals
FN:50,totalSupply
FN:56,balanceOf
FN:62,frozenOf
FN:68,allowance
FN:74,viewAccount
FN:80,token
FN:86,viewDeal
FN:92,viewConsumed
FN:98,viewPresigned
FN:104,viewTask
FN:110,viewContribution
FN:116,viewScore
FN:122,resultFor
FN:130,viewCategory
FN:136,countCategory
FNF:18
FNH:18
FNDA:1,name
FNDA:1,symbol
FNDA:1,decimals
FNDA:45,totalSupply
FNDA:277,balanceOf
FNDA:9,frozenOf
FNDA:14,allowance
FNDA:828,viewAccount
FNDA:1,token
FNDA:42,viewDeal
FNDA:16,viewConsumed
FNDA:17,viewPresigned
FNDA:26,viewTask
FNDA:2,viewContribution
FNDA:120,viewScore
FNDA:6,resultFor
FNDA:28,viewCategory
FNDA:22,countCategory
DA:35,1
DA:41,1
DA:47,1
DA:53,45
DA:59,277
DA:65,9
DA:71,14
DA:77,828
DA:83,1
DA:89,42
DA:95,16
DA:101,17
DA:107,26
DA:113,2
DA:119,120
DA:125,6
DA:126,6
DA:127,1
DA:133,28
DA:139,22
LF:20
LH:20
BRDA:126,1,0,1
BRDA:126,1,1,5
BRF:2
BRH:2
end_of_record
TN:
SF:/home/amxx/Work/iExec/code/PoCo-dev/contracts/delegates/IexecAccessorsABILegacy.sol
FN:75,viewDealABILegacy_pt1
FN:102,viewDealABILegacy_pt2
FN:123,viewConfigABILegacy
FN:144,viewAccountABILegacy
FN:150,viewTaskABILegacy
FN:183,viewContributionABILegacy
FN:200,viewCategoryABILegacy
FNF:7
FNH:7
FNDA:1,viewDealABILegacy_pt1
FNDA:1,viewDealABILegacy_pt2
FNDA:1,viewConfigABILegacy
FNDA:45,viewAccountABILegacy
FNDA:4,viewTaskABILegacy
FNDA:2,viewContributionABILegacy
FNDA:4,viewCategoryABILegacy
DA:88,1
DA:89,1
DA:112,1
DA:113,1
DA:133,1
DA:134,1
DA:147,45
DA:166,4
DA:167,4
DA:191,2
DA:192,2
DA:203,4
DA:204,4
LF:13
LH:13
BRF:0
BRH:0
end_of_record
TN:
SF:/home/amxx/Work/iExec/code/PoCo-dev/contracts/delegates/IexecCategoryManager.sol
FN:19,createCategory
FNF:1
FNH:1
FNDA:11,createCategory
DA:25,11
DA:31,11
DA:37,11
LF:3
LH:3
BRF:0
BRH:0
end_of_record
TN:
SF:/home/amxx/Work/iExec/code/PoCo-dev/contracts/delegates/IexecERC20.sol
FN:26,_transfer
FN:37,_mint
FN:47,_burn
FN:57,_approve
FN:70,transfer
FN:77,approve
FN:84,transferFrom
FN:92,increaseAllowance
FN:100,decreaseAllowance
FNF:9
FNH:9
FNDA:442,_transfer
FNDA:711,_mint
FNDA:134,_burn
FNDA:433,_approve
FNDA:8,transfer
FNDA:415,approve
FNDA:14,transferFrom
FNDA:8,increaseAllowance
FNDA:16,decreaseAllowance
DA:29,442
DA:30,440
DA:32,436
DA:33,430
DA:34,430
DA:40,711
DA:42,711
DA:43,711
DA:44,711
DA:50,134
DA:52,134
DA:53,134
DA:54,130
DA:60,433
DA:61,433
DA:63,429
DA:64,429
DA:73,8
DA:74,4
DA:80,415
DA:81,413
DA:87,14
DA:88,6
DA:89,4
DA:95,8
DA:96,6
DA:103,16
DA:104,6
LF:28
LH:28
BRDA:29,1,0,440
BRDA:29,1,1,2
BRDA:30,2,0,436
BRDA:30,2,1,4
BRDA:40,3,0,711
BRDA:40,3,1,0
BRDA:50,4,0,134
BRDA:50,4,1,0
BRDA:60,5,0,433
BRDA:60,5,1,0
BRDA:61,6,0,429
BRDA:61,6,1,4
BRF:12
BRH:9
end_of_record
TN:
SF:/home/amxx/Work/iExec/code/PoCo-dev/contracts/delegates/IexecEscrowNative.sol
FN:25,
FN:31,deposit
FN:38,depositFor
FN:45,depositForArray
FN:59,withdraw
FN:67,recover
FNF:6
FNH:0
FNDA:0,
FNDA:0,deposit
FNDA:0,depositFor
FNDA:0,depositForArray
FNDA:0,withdraw
FNDA:0,recover
DA:28,0
DA:34,0
DA:35,0
DA:41,0
DA:42,0
DA:48,0
DA:49,0
DA:50,0
DA:52,0
DA:53,0
DA:55,0
DA:56,0
DA:62,0
DA:63,0
DA:64,0
DA:70,0
DA:71,0
DA:72,0
LF:18
LH:0
BRDA:48,1,0,0
BRDA:48,1,1,0
BRF:2
BRH:0
end_of_record
TN:
SF:/home/amxx/Work/iExec/code/PoCo-dev/contracts/delegates/IexecEscrowToken.sol
FN:25,deposit
FN:33,depositFor
FN:41,depositForArray
FN:53,withdraw
FN:61,recover
FN:70,receiveApproval
FN:79,_deposit
FN:85,_withdraw
FNF:8
FNH:8
FNDA:159,deposit
FNDA:9,depositFor
FNDA:23,depositForArray
FNDA:134,withdraw
FNDA:2,recover
FNDA:44,receiveApproval
FNDA:717,_deposit
FNDA:130,_withdraw
DA:28,159
DA:29,155
DA:30,155
DA:36,9
DA:37,5
DA:38,5
DA:44,23
DA:45,19
DA:47,505
DA:48,505
DA:50,19
DA:56,134
DA:57,130
DA:58,130
DA:64,2
DA:65,2
DA:66,2
DA:73,44
DA:74,44
DA:75,44
DA:76,44
DA:82,717
DA:88,130
LF:23
LH:23
BRDA:44,1,0,19
BRDA:44,1,1,4
BRDA:73,2,0,44
BRDA:73,2,1,0
BRDA:82,3,0,709
BRDA:82,3,1,8
BRF:6
BRH:5
end_of_record
TN:
SF:/home/amxx/Work/iExec/code/PoCo-dev/contracts/delegates/IexecOrderSignature.sol
FN:36,signAppOrder
FN:45,signDatasetOrder
FN:54,signWorkerpoolOrder
FN:63,signRequestOrder
FN:75,cancelAppOrder
FN:86,cancelDatasetOrder
FN:97,cancelWorkerpoolOrder
FN:108,cancelRequestOrder
FNF:8
FNH:8
FNDA:4,signAppOrder
FNDA:4,signDatasetOrder
FNDA:4,signWorkerpoolOrder
FNDA:4,signRequestOrder
FNDA:3,cancelAppOrder
FNDA:3,cancelDatasetOrder
FNDA:3,cancelWorkerpoolOrder
FNDA:3,cancelRequestOrder
DA:39,4
DA:40,2
DA:41,2
DA:48,4
DA:49,2
DA:50,2
DA:57,4
DA:58,2
DA:59,2
DA:66,4
DA:67,2
DA:68,2
DA:78,3
DA:79,3
DA:80,1
DA:81,1
DA:82,1
DA:89,3
DA:90,3
DA:91,1
DA:92,1
DA:93,1
DA:100,3
DA:101,3
DA:102,1
DA:103,1
DA:104,1
DA:111,3
DA:112,3
DA:113,1
DA:114,1
DA:115,1
LF:32
LH:32
BRDA:39,1,0,2
BRDA:39,1,1,2
BRDA:48,2,0,2
BRDA:48,2,1,2
BRDA:57,3,0,2
BRDA:57,3,1,2
BRDA:66,4,0,2
BRDA:66,4,1,2
BRDA:79,5,0,1
BRDA:79,5,1,2
BRDA:90,6,0,1
BRDA:90,6,1,2
BRDA:101,7,0,1
BRDA:101,7,1,2
BRDA:112,8,0,1
BRDA:112,8,1,2
BRF:16
BRH:16
end_of_record
TN:
SF:/home/amxx/Work/iExec/code/PoCo-dev/contracts/delegates/IexecPoco.sol
FN:56,configure
FN:88,reward
FN:96,seize
FN:104,lock
FN:113,unlock
FN:125,lockContribution
FN:131,unlockContribution
FN:137,unlockAndRewardForContribution
FN:144,seizeContribution
FN:150,rewardForScheduling
FN:156,successWork
FN:199,failedWork
FN:219,verifySignature
FN:238,matchOrders
FN:392,initialize
FN:420,contribute
FN:496,checkConsensus
FN:533,reveal
FN:554,reopen
FN:584,finalize
FN:635,distributeRewards
FN:708,claim
FN:735,initializeArray
FN:748,claimArray
FN:759,initializeAndClaimArray
FNF:25
FNH:25
FNDA:4,configure
FNDA:122,reward
FNDA:41,seize
FNDA:206,lock
FNDA:92,unlock
FNDA:101,lockContribution
FNDA:10,unlockContribution
FNDA:47,unlockAndRewardForContribution
FNDA:6,seizeContribution
FNDA:22,rewardForScheduling
FNDA:22,successWork
FNDA:13,failedWork
FNDA:71,verifySignature
FNDA:88,matchOrders
FNDA:75,initialize
FNDA:125,contribute
FNDA:101,checkConsensus
FNDA:70,reveal
FNDA:10,reopen
FNDA:30,finalize
FNDA:22,distributeRewards
FNDA:43,claim
FNDA:2,initializeArray
FNDA:1,claimArray
FNDA:3,initializeAndClaimArray
DA:67,4
DA:69,2
DA:70,2
DA:71,2
DA:72,2
DA:73,2
DA:74,2
DA:75,2
DA:77,2
DA:91,122
DA:92,122
DA:99,41
DA:100,41
DA:107,206
DA:108,206
DA:109,206
DA:116,92
DA:117,92
DA:118,92
DA:128,101
DA:134,10
DA:140,47
DA:141,47
DA:147,6
DA:153,22
DA:159,22
DA:161,22
DA:164,22
DA:168,22
DA:170,22
DA:172,22
DA:175,22
DA:177,18
DA:180,22
DA:187,22
DA:188,22
DA:190,0
DA:194,0
DA:195,0
DA:202,13
DA:204,13
DA:207,13
DA:210,13
DA:211,13
DA:212,13
DA:213,13
DA:222,71
DA:250,88
DA:251,86
DA:252,84
DA:253,82
DA:254,80
DA:255,78
DA:258,72
DA:259,70
DA:260,68
DA:261,66
DA:262,64
DA:263,62
DA:264,60
DA:265,58
DA:266,56
DA:267,54
DA:268,52
DA:269,50
DA:271,48
DA:272,48
DA:273,48
DA:278,48
DA:279,48
DA:282,48
DA:283,48
DA:284,48
DA:287,48
DA:289,42
DA:290,42
DA:291,42
DA:295,48
DA:296,48
DA:297,48
DA:300,48
DA:301,48
DA:306,48
DA:307,48
DA:308,48
DA:309,48
DA:310,48
DA:311,48
DA:316,46
DA:321,46
DA:322,46
DA:323,46
DA:324,46
DA:325,46
DA:326,46
DA:327,46
DA:328,46
DA:329,46
DA:330,46
DA:331,46
DA:332,46
DA:333,46
DA:334,46
DA:335,46
DA:336,46
DA:337,46
DA:338,46
DA:339,46
DA:340,46
DA:341,46
DA:342,46
DA:347,46
DA:348,46
DA:349,46
DA:350,46
DA:355,46
DA:362,46
DA:372,46
DA:377,46
DA:386,46
DA:395,75
DA:397,75
DA:398,73
DA:400,71
DA:401,71
DA:402,71
DA:404,69
DA:405,69
DA:406,69
DA:407,69
DA:408,69
DA:409,69
DA:412,69
DA:414,69
DA:416,69
DA:429,125
DA:430,125
DA:431,125
DA:433,125
DA:434,121
DA:435,117
DA:438,111
DA:451,107
DA:454,105
DA:466,101
DA:467,101
DA:468,101
DA:469,101
DA:470,101
DA:472,101
DA:474,101
DA:484,101
DA:485,101
DA:486,101
DA:488,101
DA:489,101
DA:490,101
DA:493,101
DA:501,101
DA:502,101
DA:506,42
DA:507,42
DA:508,42
DA:510,93
DA:511,93
DA:518,87
DA:523,42
DA:524,42
DA:525,42
DA:526,42
DA:527,42
DA:529,42
DA:538,70
DA:539,70
DA:540,70
DA:541,66
DA:542,64
DA:543,64
DA:544,62
DA:545,60
DA:547,58
DA:548,58
DA:549,58
DA:551,58
DA:558,10
DA:559,10
DA:560,8
DA:561,6
DA:564,2
DA:566,4
DA:567,4
DA:569,4
DA:573,2
DA:574,2
DA:576,2
DA:577,2
DA:578,2
DA:579,2
DA:581,2
DA:589,30
DA:590,30
DA:591,28
DA:592,26
DA:595,22
DA:596,22
DA:601,22
DA:602,22
DA:607,22
DA:612,22
DA:613,22
DA:625,2
DA:626,2
DA:627,2
DA:638,22
DA:639,22
DA:641,22
DA:642,22
DA:644,22
DA:645,22
DA:647,22
DA:649,53
DA:650,53
DA:652,47
DA:656,6
DA:659,22
DA:662,22
DA:664,22
DA:666,53
DA:667,53
DA:669,47
DA:670,47
DA:672,47
DA:675,47
DA:682,42
DA:683,42
DA:689,6
DA:692,6
DA:699,6
DA:700,6
DA:705,22
DA:712,43
DA:713,43
DA:715,31
DA:717,13
DA:722,13
DA:723,13
DA:725,10
DA:726,10
DA:729,13
DA:740,2
DA:741,2
DA:743,6
DA:745,2
DA:752,1
DA:754,5
DA:756,1
DA:764,3
DA:765,3
DA:767,5
DA:769,1
LF:260
LH:257
BRDA:67,1,0,2
BRDA:67,1,1,2
BRDA:170,2,0,22
BRDA:170,2,1,0
BRDA:175,3,0,18
BRDA:175,3,1,4
BRDA:188,4,0,0
BRDA:188,4,1,22
BRDA:250,5,0,86
BRDA:250,5,1,2
BRDA:251,6,0,84
BRDA:251,6,1,2
BRDA:252,7,0,82
BRDA:252,7,1,2
BRDA:253,8,0,80
BRDA:253,8,1,2
BRDA:254,9,0,78
BRDA:254,9,1,2
BRDA:255,10,0,72
BRDA:255,10,1,6
BRDA:258,11,0,70
BRDA:258,11,1,2
BRDA:259,12,0,68
BRDA:259,12,1,2
BRDA:260,13,0,66
BRDA:260,13,1,2
BRDA:261,14,0,64
BRDA:261,14,1,2
BRDA:262,15,0,62
BRDA:262,15,1,2
BRDA:263,16,0,60
BRDA:263,16,1,2
BRDA:264,17,0,58
BRDA:264,17,1,2
BRDA:265,18,0,56
BRDA:265,18,1,2
BRDA:266,19,0,54
BRDA:266,19,1,2
BRDA:267,20,0,52
BRDA:267,20,1,2
BRDA:268,21,0,50
BRDA:268,21,1,2
BRDA:269,22,0,48
BRDA:269,22,1,2
BRDA:271,23,0,48
BRDA:271,23,1,0
BRDA:272,24,0,48
BRDA:272,24,1,0
BRDA:273,25,0,48
BRDA:273,25,1,0
BRDA:284,26,0,48
BRDA:284,26,1,0
BRDA:287,27,0,42
BRDA:287,27,1,6
BRDA:291,28,0,42
BRDA:291,28,1,0
BRDA:297,29,0,48
BRDA:297,29,1,0
BRDA:301,30,0,48
BRDA:301,30,1,0
BRDA:311,31,0,46
BRDA:311,31,1,2
BRDA:397,32,0,73
BRDA:397,32,1,2
BRDA:398,33,0,71
BRDA:398,33,1,2
BRDA:402,34,0,69
BRDA:402,34,1,2
BRDA:433,35,0,121
BRDA:433,35,1,4
BRDA:434,36,0,117
BRDA:434,36,1,4
BRDA:435,37,0,111
BRDA:435,37,1,6
BRDA:438,38,0,107
BRDA:438,38,1,4
BRDA:451,39,0,105
BRDA:451,39,1,2
BRDA:454,40,0,101
BRDA:454,40,1,4
BRDA:502,41,0,42
BRDA:502,41,1,59
BRDA:511,42,0,87
BRDA:511,42,1,6
BRDA:540,43,0,66
BRDA:540,43,1,4
BRDA:541,44,0,64
BRDA:541,44,1,2
BRDA:542,45,0,64
BRDA:542,45,1,0
BRDA:543,46,0,62
BRDA:543,46,1,2
BRDA:544,47,0,60
BRDA:544,47,1,2
BRDA:545,48,0,58
BRDA:545,48,1,2
BRDA:559,49,0,8
BRDA:559,49,1,2
BRDA:560,50,0,6
BRDA:560,50,1,2
BRDA:561,51,0,2
BRDA:561,51,1,4
BRDA:567,52,0,4
BRDA:567,52,1,0
BRDA:590,53,0,28
BRDA:590,53,1,2
BRDA:591,54,0,26
BRDA:591,54,1,2
BRDA:592,55,0,22
BRDA:592,55,1,4
BRDA:613,56,0,2
BRDA:613,56,1,20
BRDA:625,57,0,2
BRDA:625,57,1,0
BRDA:650,58,0,47
BRDA:650,58,1,6
BRDA:659,59,0,22
BRDA:659,59,1,0
BRDA:667,60,0,47
BRDA:667,60,1,6
BRDA:675,61,0,42
BRDA:675,61,1,5
BRDA:713,62,0,31
BRDA:713,62,1,12
BRDA:715,63,0,13
BRDA:715,63,1,18
BRDA:740,64,0,2
BRDA:740,64,1,0
BRDA:764,65,0,3
BRDA:764,65,1,0
BRF:130
BRH:115
end_of_record
TN:
SF:/home/amxx/Work/iExec/code/PoCo-dev/contracts/delegates/IexecRelay.sol
FN:22,broadcastAppOrder
FN:23,broadcastDatasetOrder
FN:24,broadcastWorkerpoolOrder
FN:25,broadcastRequestOrder
FNF:4
FNH:4
FNDA:1,broadcastAppOrder
FNDA:1,broadcastDatasetOrder
FNDA:1,broadcastWorkerpoolOrder
FNDA:1,broadcastRequestOrder
LF:0
LH:0
BRF:0
BRH:0
end_of_record
TN:
SF:/home/amxx/Work/iExec/code/PoCo-dev/contracts/IexecInterface.sol
FNF:0
FNH:0
LF:0
LH:0
BRF:0
BRH:0
end_of_record
TN:
SF:/home/amxx/Work/iExec/code/PoCo-dev/contracts/IexecInterfaceABILegacy.sol
FNF:0
FNH:0
LF:0
LH:0
BRF:0
BRH:0
end_of_record
TN:
SF:/home/amxx/Work/iExec/code/PoCo-dev/contracts/libs/ENSTools.sol
FN:11,reverseRegistration
FNF:1
FNH:0
FNDA:0,reverseRegistration
DA:14,0
LF:1
LH:0
BRF:0
BRH:0
end_of_record
TN:
SF:/home/amxx/Work/iExec/code/PoCo-dev/contracts/libs/IexecODBLibCore.sol
FNF:0
FNH:0
LF:0
LH:0
BRF:0
BRH:0
end_of_record
TN:
SF:/home/amxx/Work/iExec/code/PoCo-dev/contracts/libs/IexecODBLibOrders.sol
FN:82,hash
FN:117,hash
FN:148,hash
FN:179,hash
FN:212,hash
FN:257,toEthTypedStructHash
FNF:6
FNH:6
FNDA:2,hash
FNDA:53,hash
FNDA:47,hash
FNDA:53,hash
FNDA:53,hash
FNDA:206,toEthTypedStructHash
DA:97,2
DA:98,2
DA:99,2
DA:100,2
DA:136,53
DA:137,53
DA:167,47
DA:168,47
DA:200,53
DA:201,53
DA:240,53
DA:241,53
DA:242,53
DA:260,206
LF:14
LH:14
BRF:0
BRH:0
end_of_record
TN:
SF:/home/amxx/Work/iExec/code/PoCo-dev/contracts/libs/SignatureVerifier.sol
FN:9,addrToKey
FN:15,checkIdentity
FN:21,checkSignature
FN:31,recoverCheck
FN:49,toEthSignedMessageHash
FNF:5
FNH:5
FNDA:20,addrToKey
FNDA:29,checkIdentity
FNDA:402,checkSignature
FNDA:402,recoverCheck
FNDA:149,toEthSignedMessageHash
DA:12,20
DA:18,29
DA:27,402
DA:34,402
DA:35,402
DA:36,402
DA:37,402
DA:38,393
DA:44,393
DA:45,393
DA:46,392
DA:52,149
LF:12
LH:12
BRDA:37,1,0,9
BRDA:37,1,1,393
BRDA:44,2,0,145
BRDA:44,2,1,248
BRDA:45,3,0,1
BRDA:45,3,1,392
BRF:6
BRH:6
end_of_record
TN:
SF:/home/amxx/Work/iExec/code/PoCo-dev/contracts/registries/App.sol
FN:21,setup
FN:38,registerENS
FN:44,transferOwnership
FNF:3
FNH:2
FNDA:33,setup
FNDA:0,registerENS
FNDA:2,transferOwnership
DA:30,33
DA:31,33
DA:32,33
DA:33,33
DA:34,33
DA:35,33
DA:41,0
LF:7
LH:6
BRF:0
BRH:0
end_of_record
TN:
SF:/home/amxx/Work/iExec/code/PoCo-dev/contracts/registries/AppRegistry.sol
FN:14,constructor
FN:22,createApp
FNF:2
FNH:2
FNDA:4,constructor
FNDA:29,createApp
DA:31,29
DA:39,29
DA:40,29
DA:49,29
DA:50,29
DA:52,29
LF:6
LH:6
BRF:0
BRH:0
end_of_record
TN:
SF:/home/amxx/Work/iExec/code/PoCo-dev/contracts/registries/CounterfactualFactory.sol
FN:5,_create2
FN:20,_predictAddress
FNF:2
FNH:1
FNDA:85,_create2
FNDA:0,_predictAddress
DA:8,85
DA:9,85
DA:10,85
DA:12,85
DA:17,85
DA:23,0
LF:6
LH:5
BRF:0
BRH:0
end_of_record
TN:
SF:/home/amxx/Work/iExec/code/PoCo-dev/contracts/registries/Dataset.sol
FN:19,setup
FN:32,registerENS
FN:38,transferOwnership
FNF:3
FNH:2
FNDA:31,setup
FNDA:0,registerENS
FNDA:2,transferOwnership
DA:26,31
DA:27,31
DA:28,31
DA:29,31
DA:35,0
LF:5
LH:4
BRF:0
BRH:0
end_of_record
TN:
SF:/home/amxx/Work/iExec/code/PoCo-dev/contracts/registries/DatasetRegistry.sol
FN:14,constructor
FN:22,createDataset
FNF:2
FNH:2
FNDA:4,constructor
FNDA:27,createDataset
DA:29,27
DA:35,27
DA:36,27
DA:43,27
DA:44,27
DA:45,27
LF:6
LH:6
BRF:0
BRH:0
end_of_record
TN:
SF:/home/amxx/Work/iExec/code/PoCo-dev/contracts/registries/RegistryBase.sol
FN:21,constructor
FN:29,isRegistered
FN:35,viewEntry
FN:41,viewCount
FN:50,insert
FNF:5
FNH:5
FNDA:12,constructor
FNDA:150,isRegistered
FNDA:12,viewEntry
FNDA:12,viewCount
FNDA:85,insert
DA:32,150
DA:38,12
DA:44,12
DA:55,85
DA:56,85
DA:57,85
DA:58,85
DA:59,85
LF:8
LH:8
BRF:0
BRH:0
end_of_record
TN:
SF:/home/amxx/Work/iExec/code/PoCo-dev/contracts/registries/Workerpool.sol
FN:26,setup
FN:37,changePolicy
FN:53,registerENS
FN:59,transferOwnership
FNF:4
FNH:3
FNDA:33,setup
FNDA:24,changePolicy
FNDA:0,registerENS
FNDA:2,transferOwnership
DA:31,33
DA:32,33
DA:33,33
DA:34,33
DA:42,24
DA:44,22
DA:49,22
DA:50,22
DA:56,0
LF:9
LH:8
BRDA:42,1,0,22
BRDA:42,1,1,2
BRF:2
BRH:2
end_of_record
TN:
SF:/home/amxx/Work/iExec/code/PoCo-dev/contracts/registries/WorkerpoolRegistry.sol
FN:14,constructor
FN:22,createWorkerpool
FNF:2
FNH:2
FNDA:4,constructor
FNDA:29,createWorkerpool
DA:27,29
DA:31,29
DA:32,29
DA:37,29
DA:38,29
DA:40,29
LF:6
LH:6
BRF:0
BRH:0
end_of_record
TN:
SF:/home/amxx/Work/iExec/code/PoCo-dev/contracts/Store.sol
FN:55,onlyScheduler
FNF:1
FNH:1
FNDA:44,onlyScheduler
DA:57,44
DA:58,40
LF:2
LH:2
BRDA:57,1,0,40
BRDA:57,1,1,4
BRF:2
BRH:2
end_of_record
TN:
SF:/home/amxx/Work/iExec/code/PoCo-dev/contracts/tools/Once.sol
FN:7,constructor
FN:13,onlyOnce
FNF:2
FNH:2
FNDA:97,constructor
FNDA:121,onlyOnce
DA:10,97
DA:15,121
DA:16,97
DA:17,97
LF:4
LH:4
BRDA:15,1,0,97
BRDA:15,1,1,24
BRF:2
BRH:2
end_of_record
