TN:
SF:/home/amxx/Work/iExec/code/PoCo-dev/contracts/delegates/DelegateBase.sol
FN:8,constructor
FNF:1
FNH:1
FNDA:36,constructor
DA:11,36
LF:1
LH:1
BRF:0
BRH:0
end_of_record
TN:
SF:/home/amxx/Work/iExec/code/PoCo-dev/contracts/delegates/ENSIntegration.sol
FNF:0
FNH:0
LF:0
LH:0
BRF:0
BRH:0
end_of_record
TN:
SF:/home/amxx/Work/iExec/code/PoCo-dev/contracts/delegates/IexecAccessors.sol
FN:32,name
FN:38,symbol
FN:44,decimals
FN:50,totalSupply
FN:56,balanceOf
FN:62,frozenOf
FN:68,allowance
FN:74,viewAccount
FN:80,token
FN:86,viewDeal
FN:92,viewConsumed
FN:98,viewPresigned
FN:104,viewTask
FN:110,viewContribution
FN:116,viewScore
FN:122,resultFor
FN:130,viewCategory
FN:136,countCategory
FNF:18
FNH:18
FNDA:1,name
FNDA:1,symbol
FNDA:1,decimals
FNDA:52,totalSupply
FNDA:342,balanceOf
FNDA:74,frozenOf
FNDA:14,allowance
FNDA:530,viewAccount
FNDA:1,token
FNDA:39,viewDeal
FNDA:16,viewConsumed
FNDA:17,viewPresigned
FNDA:27,viewTask
FNDA:2,viewContribution
FNDA:130,viewScore
FNDA:6,resultFor
FNDA:28,viewCategory
FNDA:20,countCategory
DA:35,1
DA:41,1
DA:47,1
DA:53,52
DA:59,342
DA:65,74
DA:71,14
DA:77,530
DA:83,1
DA:89,39
DA:95,16
DA:101,17
DA:107,27
DA:113,2
DA:119,130
DA:125,6
DA:126,6
DA:127,1
DA:133,28
DA:139,20
LF:20
LH:20
BRDA:126,1,0,1
BRDA:126,1,1,5
BRF:2
BRH:2
end_of_record
TN:
SF:/home/amxx/Work/iExec/code/PoCo-dev/contracts/delegates/IexecAccessorsABILegacy.sol
FN:75,viewDealABILegacy_pt1
FN:102,viewDealABILegacy_pt2
FN:123,viewConfigABILegacy
FN:144,viewAccountABILegacy
FN:150,viewTaskABILegacy
FN:183,viewContributionABILegacy
FN:200,viewCategoryABILegacy
FNF:7
FNH:7
FNDA:1,viewDealABILegacy_pt1
FNDA:1,viewDealABILegacy_pt2
FNDA:1,viewConfigABILegacy
FNDA:72,viewAccountABILegacy
FNDA:4,viewTaskABILegacy
FNDA:2,viewContributionABILegacy
FNDA:4,viewCategoryABILegacy
DA:88,1
DA:89,1
DA:112,1
DA:113,1
DA:133,1
DA:134,1
DA:147,72
DA:166,4
DA:167,4
DA:191,2
DA:192,2
DA:203,4
DA:204,4
LF:13
LH:13
BRF:0
BRH:0
end_of_record
TN:
SF:/home/amxx/Work/iExec/code/PoCo-dev/contracts/delegates/IexecCategoryManager.sol
FN:19,createCategory
FNF:1
FNH:1
FNDA:11,createCategory
DA:25,11
DA:31,11
DA:37,11
LF:3
LH:3
BRF:0
BRH:0
end_of_record
TN:
SF:/home/amxx/Work/iExec/code/PoCo-dev/contracts/delegates/IexecERC20.sol
FN:26,_transfer
FN:37,_mint
FN:47,_burn
FN:57,_approve
FN:70,transfer
FN:77,approve
FN:84,transferFrom
FN:92,increaseAllowance
FN:100,decreaseAllowance
FNF:9
FNH:9
FNDA:544,_transfer
FNDA:134,_mint
FNDA:134,_burn
FNDA:433,_approve
FNDA:99,transfer
FNDA:415,approve
FNDA:14,transferFrom
FNDA:8,increaseAllowance
FNDA:16,decreaseAllowance
DA:29,544
DA:30,542
DA:32,538
DA:33,532
DA:34,532
DA:40,134
DA:42,134
DA:43,134
DA:44,134
DA:50,134
DA:52,134
DA:53,134
DA:54,130
DA:60,433
DA:61,433
DA:63,429
DA:64,429
DA:73,99
DA:74,95
DA:80,415
DA:81,413
DA:87,14
DA:88,6
DA:89,4
DA:95,8
DA:96,6
DA:103,16
DA:104,6
LF:28
LH:28
BRDA:29,1,0,542
BRDA:29,1,1,2
BRDA:30,2,0,538
BRDA:30,2,1,4
BRDA:40,3,0,134
BRDA:40,3,1,0
BRDA:50,4,0,134
BRDA:50,4,1,0
BRDA:60,5,0,433
BRDA:60,5,1,0
BRDA:61,6,0,429
BRDA:61,6,1,4
BRF:12
BRH:9
end_of_record
TN:
SF:/home/amxx/Work/iExec/code/PoCo-dev/contracts/delegates/IexecEscrowToken.sol
FN:25,deposit
FN:33,depositFor
FN:41,depositForArray
FN:53,withdraw
FN:61,recover
FN:70,receiveApproval
FN:79,_deposit
FN:85,_withdraw
FNF:8
FNH:8
FNDA:75,deposit
FNDA:5,depositFor
FNDA:9,depositForArray
FNDA:134,withdraw
FNDA:2,recover
FNDA:59,receiveApproval
FNDA:144,_deposit
FNDA:130,_withdraw
DA:28,75
DA:29,71
DA:30,71
DA:36,5
DA:37,1
DA:38,1
DA:44,9
DA:45,5
DA:47,7
DA:48,3
DA:50,1
DA:56,134
DA:57,130
DA:58,130
DA:64,2
DA:65,2
DA:66,2
DA:73,59
DA:74,57
DA:75,57
DA:76,57
DA:82,144
DA:88,130
LF:23
LH:23
BRDA:44,1,0,5
BRDA:44,1,1,4
BRDA:73,2,0,57
BRDA:73,2,1,2
BRDA:82,3,0,132
BRDA:82,3,1,12
BRF:6
BRH:6
end_of_record
TN:
SF:/home/amxx/Work/iExec/code/PoCo-dev/contracts/delegates/IexecOrderSignature.sol
FN:36,signAppOrder
FN:45,signDatasetOrder
FN:54,signWorkerpoolOrder
FN:63,signRequestOrder
FN:75,cancelAppOrder
FN:86,cancelDatasetOrder
FN:97,cancelWorkerpoolOrder
FN:108,cancelRequestOrder
FNF:8
FNH:8
FNDA:4,signAppOrder
FNDA:4,signDatasetOrder
FNDA:4,signWorkerpoolOrder
FNDA:4,signRequestOrder
FNDA:3,cancelAppOrder
FNDA:3,cancelDatasetOrder
FNDA:3,cancelWorkerpoolOrder
FNDA:3,cancelRequestOrder
DA:39,4
DA:40,2
DA:41,2
DA:48,4
DA:49,2
DA:50,2
DA:57,4
DA:58,2
DA:59,2
DA:66,4
DA:67,2
DA:68,2
DA:78,3
DA:79,3
DA:80,1
DA:81,1
DA:82,1
DA:89,3
DA:90,3
DA:91,1
DA:92,1
DA:93,1
DA:100,3
DA:101,3
DA:102,1
DA:103,1
DA:104,1
DA:111,3
DA:112,3
DA:113,1
DA:114,1
DA:115,1
LF:32
LH:32
BRDA:39,1,0,2
BRDA:39,1,1,2
BRDA:48,2,0,2
BRDA:48,2,1,2
BRDA:57,3,0,2
BRDA:57,3,1,2
BRDA:66,4,0,2
BRDA:66,4,1,2
BRDA:79,5,0,1
BRDA:79,5,1,2
BRDA:90,6,0,1
BRDA:90,6,1,2
BRDA:101,7,0,1
BRDA:101,7,1,2
BRDA:112,8,0,1
BRDA:112,8,1,2
BRF:16
BRH:16
end_of_record
TN:
SF:/home/amxx/Work/iExec/code/PoCo-dev/contracts/delegates/IexecPoco.sol
FN:56,configure
FN:88,reward
FN:96,seize
FN:104,lock
FN:113,unlock
FN:125,lockContribution
FN:131,unlockContribution
FN:137,unlockAndRewardForContribution
FN:144,seizeContribution
FN:150,rewardForScheduling
FN:156,successWork
FN:199,failedWork
FN:219,verifySignature
FN:238,matchOrders
FN:392,initialize
FN:420,contribute
FN:496,checkConsensus
FN:533,reveal
FN:554,reopen
FN:584,finalize
FN:635,distributeRewards
FN:707,claim
FN:734,initializeArray
FN:747,claimArray
FN:758,initializeAndClaimArray
FNF:25
FNH:25
FNDA:4,configure
FNDA:126,reward
FNDA:44,seize
FNDA:210,lock
FNDA:95,unlock
FNDA:102,lockContribution
FNDA:10,unlockContribution
FNDA:48,unlockAndRewardForContribution
FNDA:6,seizeContribution
FNDA:23,rewardForScheduling
FNDA:23,successWork
FNDA:14,failedWork
FNDA:114,verifySignature
FNDA:89,matchOrders
FNDA:77,initialize
FNDA:126,contribute
FNDA:102,checkConsensus
FNDA:71,reveal
FNDA:10,reopen
FNDA:31,finalize
FNDA:23,distributeRewards
FNDA:44,claim
FNDA:2,initializeArray
FNDA:1,claimArray
FNDA:3,initializeAndClaimArray
DA:67,4
DA:69,2
DA:70,2
DA:71,2
DA:72,2
DA:73,2
DA:74,2
DA:75,2
DA:77,2
DA:91,126
DA:92,126
DA:99,44
DA:100,44
DA:107,210
DA:108,210
DA:109,210
DA:116,95
DA:117,95
DA:118,95
DA:128,102
DA:134,10
DA:140,48
DA:141,48
DA:147,6
DA:153,23
DA:159,23
DA:161,23
DA:164,23
DA:168,23
DA:170,23
DA:172,22
DA:175,23
DA:177,18
DA:180,23
DA:187,23
DA:188,23
DA:190,1
DA:194,1
DA:195,1
DA:202,14
DA:204,14
DA:207,14
DA:210,14
DA:211,14
DA:212,14
DA:213,14
DA:222,114
DA:250,89
DA:251,87
DA:252,85
DA:253,83
DA:254,81
DA:255,79
DA:258,73
DA:259,71
DA:260,69
DA:261,67
DA:262,65
DA:263,63
DA:264,61
DA:265,59
DA:266,57
DA:267,55
DA:268,53
DA:269,51
DA:271,49
DA:272,49
DA:273,49
DA:278,49
DA:279,49
DA:282,49
DA:283,49
DA:284,49
DA:287,49
DA:289,46
DA:290,46
DA:291,46
DA:295,49
DA:296,49
DA:297,49
DA:300,49
DA:301,49
DA:306,49
DA:307,49
DA:308,49
DA:309,49
DA:310,49
DA:311,49
DA:316,47
DA:321,47
DA:322,47
DA:323,47
DA:324,47
DA:325,47
DA:326,47
DA:327,47
DA:328,47
DA:329,47
DA:330,47
DA:331,47
DA:332,47
DA:333,47
DA:334,47
DA:335,47
DA:336,47
DA:337,47
DA:338,47
DA:339,47
DA:340,47
DA:341,47
DA:342,47
DA:347,47
DA:348,47
DA:349,47
DA:350,47
DA:355,47
DA:362,47
DA:372,47
DA:377,47
DA:386,47
DA:395,77
DA:397,77
DA:398,75
DA:400,73
DA:401,73
DA:402,73
DA:404,71
DA:405,71
DA:406,71
DA:407,71
DA:408,71
DA:409,71
DA:412,71
DA:414,71
DA:416,71
DA:429,126
DA:430,126
DA:431,126
DA:433,126
DA:434,122
DA:435,118
DA:438,112
DA:451,108
DA:454,106
DA:466,102
DA:467,102
DA:468,102
DA:469,102
DA:470,102
DA:472,102
DA:474,102
DA:484,102
DA:485,102
DA:486,102
DA:488,102
DA:489,102
DA:490,102
DA:493,102
DA:501,102
DA:502,102
DA:506,43
DA:507,43
DA:508,43
DA:510,94
DA:511,94
DA:518,88
DA:523,43
DA:524,43
DA:525,43
DA:526,43
DA:527,43
DA:529,43
DA:538,71
DA:539,71
DA:540,71
DA:541,67
DA:542,65
DA:543,65
DA:544,63
DA:545,61
DA:547,59
DA:548,59
DA:549,59
DA:551,59
DA:558,10
DA:559,10
DA:560,8
DA:561,6
DA:564,2
DA:566,4
DA:567,4
DA:569,4
DA:573,2
DA:574,2
DA:576,2
DA:577,2
DA:578,2
DA:579,2
DA:581,2
DA:589,31
DA:590,31
DA:591,29
DA:592,27
DA:595,23
DA:596,23
DA:601,23
DA:602,23
DA:607,23
DA:612,23
DA:613,23
DA:625,2
DA:626,2
DA:627,2
DA:638,23
DA:639,23
DA:641,23
DA:642,23
DA:644,23
DA:645,23
DA:647,23
DA:649,54
DA:650,54
DA:652,48
DA:656,6
DA:661,23
DA:663,23
DA:665,54
DA:666,54
DA:668,48
DA:669,48
DA:671,48
DA:674,48
DA:681,42
DA:682,42
DA:688,6
DA:691,6
DA:698,6
DA:699,6
DA:704,23
DA:711,44
DA:712,44
DA:714,32
DA:716,14
DA:721,14
DA:722,14
DA:724,10
DA:725,10
DA:728,14
DA:739,2
DA:740,2
DA:742,6
DA:744,2
DA:751,1
DA:753,5
DA:755,1
DA:763,3
DA:764,3
DA:766,5
DA:768,1
LF:259
LH:259
BRDA:67,1,0,2
BRDA:67,1,1,2
BRDA:170,2,0,22
BRDA:170,2,1,1
BRDA:175,3,0,18
BRDA:175,3,1,5
BRDA:188,4,0,1
BRDA:188,4,1,22
BRDA:250,5,0,87
BRDA:250,5,1,2
BRDA:251,6,0,85
BRDA:251,6,1,2
BRDA:252,7,0,83
BRDA:252,7,1,2
BRDA:253,8,0,81
BRDA:253,8,1,2
BRDA:254,9,0,79
BRDA:254,9,1,2
BRDA:255,10,0,73
BRDA:255,10,1,6
BRDA:258,11,0,71
BRDA:258,11,1,2
BRDA:259,12,0,69
BRDA:259,12,1,2
BRDA:260,13,0,67
BRDA:260,13,1,2
BRDA:261,14,0,65
BRDA:261,14,1,2
BRDA:262,15,0,63
BRDA:262,15,1,2
BRDA:263,16,0,61
BRDA:263,16,1,2
BRDA:264,17,0,59
BRDA:264,17,1,2
BRDA:265,18,0,57
BRDA:265,18,1,2
BRDA:266,19,0,55
BRDA:266,19,1,2
BRDA:267,20,0,53
BRDA:267,20,1,2
BRDA:268,21,0,51
BRDA:268,21,1,2
BRDA:269,22,0,49
BRDA:269,22,1,2
BRDA:271,23,0,49
BRDA:271,23,1,0
BRDA:272,24,0,49
BRDA:272,24,1,0
BRDA:273,25,0,49
BRDA:273,25,1,0
BRDA:284,26,0,49
BRDA:284,26,1,0
BRDA:287,27,0,46
BRDA:287,27,1,3
BRDA:291,28,0,46
BRDA:291,28,1,0
BRDA:297,29,0,49
BRDA:297,29,1,0
BRDA:301,30,0,49
BRDA:301,30,1,0
BRDA:311,31,0,47
BRDA:311,31,1,2
BRDA:397,32,0,75
BRDA:397,32,1,2
BRDA:398,33,0,73
BRDA:398,33,1,2
BRDA:402,34,0,71
BRDA:402,34,1,2
BRDA:433,35,0,122
BRDA:433,35,1,4
BRDA:434,36,0,118
BRDA:434,36,1,4
BRDA:435,37,0,112
BRDA:435,37,1,6
BRDA:438,38,0,108
BRDA:438,38,1,4
BRDA:451,39,0,106
BRDA:451,39,1,2
BRDA:454,40,0,102
BRDA:454,40,1,4
BRDA:502,41,0,43
BRDA:502,41,1,59
BRDA:511,42,0,88
BRDA:511,42,1,6
BRDA:540,43,0,67
BRDA:540,43,1,4
BRDA:541,44,0,65
BRDA:541,44,1,2
BRDA:542,45,0,65
BRDA:542,45,1,0
BRDA:543,46,0,63
BRDA:543,46,1,2
BRDA:544,47,0,61
BRDA:544,47,1,2
BRDA:545,48,0,59
BRDA:545,48,1,2
BRDA:559,49,0,8
BRDA:559,49,1,2
BRDA:560,50,0,6
BRDA:560,50,1,2
BRDA:561,51,0,2
BRDA:561,51,1,4
BRDA:567,52,0,4
BRDA:567,52,1,0
BRDA:590,53,0,29
BRDA:590,53,1,2
BRDA:591,54,0,27
BRDA:591,54,1,2
BRDA:592,55,0,23
BRDA:592,55,1,4
BRDA:613,56,0,2
BRDA:613,56,1,21
BRDA:625,57,0,2
BRDA:625,57,1,0
BRDA:650,58,0,48
BRDA:650,58,1,6
BRDA:666,59,0,48
BRDA:666,59,1,6
BRDA:674,60,0,42
BRDA:674,60,1,6
BRDA:712,61,0,32
BRDA:712,61,1,12
BRDA:714,62,0,14
BRDA:714,62,1,18
BRDA:739,63,0,2
BRDA:739,63,1,0
BRDA:763,64,0,3
BRDA:763,64,1,0
BRF:128
BRH:116
end_of_record
TN:
SF:/home/amxx/Work/iExec/code/PoCo-dev/contracts/delegates/IexecRelay.sol
FN:22,broadcastAppOrder
FN:23,broadcastDatasetOrder
FN:24,broadcastWorkerpoolOrder
FN:25,broadcastRequestOrder
FNF:4
FNH:4
FNDA:1,broadcastAppOrder
FNDA:1,broadcastDatasetOrder
FNDA:1,broadcastWorkerpoolOrder
FNDA:1,broadcastRequestOrder
LF:0
LH:0
BRF:0
BRH:0
end_of_record
TN:
SF:/home/amxx/Work/iExec/code/PoCo-dev/contracts/IexecInterface.sol
FNF:0
FNH:0
LF:0
LH:0
BRF:0
BRH:0
end_of_record
TN:
SF:/home/amxx/Work/iExec/code/PoCo-dev/contracts/IexecInterfaceABILegacy.sol
FNF:0
FNH:0
LF:0
LH:0
BRF:0
BRH:0
end_of_record
TN:
SF:/home/amxx/Work/iExec/code/PoCo-dev/contracts/libs/IexecODBLibCore.sol
FNF:0
FNH:0
LF:0
LH:0
BRF:0
BRH:0
end_of_record
TN:
SF:/home/amxx/Work/iExec/code/PoCo-dev/contracts/libs/IexecODBLibOrders.sol
FN:82,hash
FN:117,hash
FN:148,hash
FN:179,hash
FN:212,hash
FN:257,toEthTypedStructHash
FNF:6
FNH:6
FNDA:2,hash
FNDA:54,hash
FNDA:51,hash
FNDA:54,hash
FNDA:54,hash
FNDA:213,toEthTypedStructHash
DA:97,2
DA:98,2
DA:99,2
DA:100,2
DA:136,54
DA:137,54
DA:167,51
DA:168,51
DA:200,54
DA:201,54
DA:240,54
DA:241,54
DA:242,54
DA:260,213
LF:14
LH:14
BRF:0
BRH:0
end_of_record
TN:
SF:/home/amxx/Work/iExec/code/PoCo-dev/contracts/libs/SignatureVerifier.sol
FN:9,addrToKey
FN:15,checkIdentity
FN:21,checkSignature
FN:31,recoverCheck
FN:49,toEthSignedMessageHash
FNF:5
FNH:5
FNDA:20,addrToKey
FNDA:29,checkIdentity
FNDA:453,checkSignature
FNDA:453,recoverCheck
FNDA:150,toEthSignedMessageHash
DA:12,20
DA:18,29
DA:27,453
DA:34,453
DA:35,453
DA:36,453
DA:37,453
DA:38,444
DA:44,444
DA:45,444
DA:46,443
DA:52,150
LF:12
LH:12
BRDA:37,1,0,9
BRDA:37,1,1,444
BRDA:44,2,0,146
BRDA:44,2,1,298
BRDA:45,3,0,1
BRDA:45,3,1,443
BRF:6
BRH:6
end_of_record
TN:
SF:/home/amxx/Work/iExec/code/PoCo-dev/contracts/registries/App.sol
FN:22,setup
FN:39,transferOwnership
FNF:2
FNH:2
FNDA:34,setup
FNDA:2,transferOwnership
DA:31,34
DA:32,34
DA:33,34
DA:34,34
DA:35,34
DA:36,34
LF:6
LH:6
BRF:0
BRH:0
end_of_record
TN:
SF:/home/amxx/Work/iExec/code/PoCo-dev/contracts/registries/AppRegistry.sol
FN:15,constructor
FN:23,createApp
FNF:2
FNH:2
FNDA:4,constructor
FNDA:30,createApp
DA:32,30
DA:40,30
DA:41,30
DA:50,30
DA:51,30
DA:53,30
LF:6
LH:6
BRF:0
BRH:0
end_of_record
TN:
SF:/home/amxx/Work/iExec/code/PoCo-dev/contracts/registries/CounterfactualFactory.sol
FN:5,_create2
FN:20,_predictAddress
FNF:2
FNH:1
FNDA:90,_create2
FNDA:0,_predictAddress
DA:8,90
DA:9,90
DA:10,90
DA:12,90
DA:17,90
DA:23,0
LF:6
LH:5
BRF:0
BRH:0
end_of_record
TN:
SF:/home/amxx/Work/iExec/code/PoCo-dev/contracts/registries/Dataset.sol
FN:20,setup
FN:33,transferOwnership
FNF:2
FNH:2
FNDA:34,setup
FNDA:2,transferOwnership
DA:27,34
DA:28,34
DA:29,34
DA:30,34
LF:4
LH:4
BRF:0
BRH:0
end_of_record
TN:
SF:/home/amxx/Work/iExec/code/PoCo-dev/contracts/registries/DatasetRegistry.sol
FN:15,constructor
FN:23,createDataset
FNF:2
FNH:2
FNDA:4,constructor
FNDA:30,createDataset
DA:30,30
DA:36,30
DA:37,30
DA:44,30
DA:45,30
DA:46,30
LF:6
LH:6
BRF:0
BRH:0
end_of_record
TN:
SF:/home/amxx/Work/iExec/code/PoCo-dev/contracts/registries/RegistryBase.sol
FN:21,constructor
FN:29,isRegistered
FN:35,viewEntry
FN:41,viewCount
FN:50,insert
FNF:5
FNH:5
FNDA:12,constructor
FNDA:156,isRegistered
FNDA:12,viewEntry
FNDA:12,viewCount
FNDA:90,insert
DA:32,156
DA:38,12
DA:44,12
DA:55,90
DA:56,90
DA:57,90
DA:58,90
DA:59,90
LF:8
LH:8
BRF:0
BRH:0
end_of_record
TN:
SF:/home/amxx/Work/iExec/code/PoCo-dev/contracts/registries/Workerpool.sol
FN:27,setup
FN:38,changePolicy
FN:54,transferOwnership
FNF:3
FNH:3
FNDA:34,setup
FNDA:26,changePolicy
FNDA:2,transferOwnership
DA:32,34
DA:33,34
DA:34,34
DA:35,34
DA:43,26
DA:45,24
DA:50,24
DA:51,24
LF:8
LH:8
BRDA:43,1,0,24
BRDA:43,1,1,2
BRF:2
BRH:2
end_of_record
TN:
SF:/home/amxx/Work/iExec/code/PoCo-dev/contracts/registries/WorkerpoolRegistry.sol
FN:15,constructor
FN:23,createWorkerpool
FNF:2
FNH:2
FNDA:4,constructor
FNDA:30,createWorkerpool
DA:28,30
DA:32,30
DA:33,30
DA:38,30
DA:39,30
DA:41,30
LF:6
LH:6
BRF:0
BRH:0
end_of_record
TN:
SF:/home/amxx/Work/iExec/code/PoCo-dev/contracts/Store.sol
FN:55,onlyScheduler
FNF:1
FNH:1
FNDA:45,onlyScheduler
DA:57,45
DA:58,41
LF:2
LH:2
BRDA:57,1,0,41
BRDA:57,1,1,4
BRF:2
BRH:2
end_of_record
TN:
SF:/home/amxx/Work/iExec/code/PoCo-dev/contracts/tools/ENSReverseRegistrationOwnable.sol
FN:12,registerENS
FNF:1
FNH:1
FNDA:8,registerENS
DA:15,8
LF:1
LH:1
BRF:0
BRH:0
end_of_record
TN:
SF:/home/amxx/Work/iExec/code/PoCo-dev/contracts/tools/Once.sol
FN:7,constructor
FN:13,onlyOnce
FNF:2
FNH:2
FNDA:102,constructor
FNDA:126,onlyOnce
DA:10,102
DA:15,126
DA:16,102
DA:17,102
LF:4
LH:4
BRDA:15,1,0,102
BRDA:15,1,1,24
BRF:2
BRH:2
end_of_record
